============================================================
GJK-based L-BFGS-B Optimizer
============================================================

Current best score: 2.975245
  Closest 5 pairs (GJK signed dist):
    ( 2,14) d=-0.00067356  OVERLAP
    (11,14) d=-0.00005580  OVERLAP
    ( 0, 4) d=-0.00000000  OK
    ( 1, 9) d=-0.00000000  OK
    ( 2, 5) d=-0.00000000  OK
  Overlapping pairs: 2/105

--- Trying R = 2.980245 ---
  Energy: 0.00e+00  (0.7s)
  Valid! Score = 2.975368
  Closest 5 pairs (GJK signed dist):
    ( 0, 4) d=-0.00000000  OK
    ( 1, 9) d=-0.00000000  OK
    ( 2, 5) d=-0.00000000  OK
    ( 2,12) d=-0.00000000  OK
    ( 5,14) d=-0.00000000  OK
  Overlapping pairs: 0/105

--- Trying R = 2.977245 ---
  Energy: 0.00e+00  (0.7s)
  Valid! Score = 2.975368
  Closest 5 pairs (GJK signed dist):
    ( 0, 4) d=-0.00000000  OK
    ( 1, 9) d=-0.00000000  OK
    ( 2, 5) d=-0.00000000  OK
    ( 2,12) d=-0.00000000  OK
    ( 5,14) d=-0.00000000  OK
  Overlapping pairs: 0/105

--- Trying R = 2.976245 ---
  Energy: 0.00e+00  (0.7s)
  Valid! Score = 2.975367
  Closest 5 pairs (GJK signed dist):
    ( 0, 4) d=-0.00000000  OK
    ( 1, 9) d=-0.00000000  OK
    ( 2, 5) d=-0.00000000  OK
    ( 2,12) d=-0.00000000  OK
    ( 5,14) d=-0.00000000  OK
  Overlapping pairs: 0/105

--- Trying R = 2.975245 ---
  Energy: 0.00e+00  (0.7s)
  Valid! Score = 2.975367
  Closest 5 pairs (GJK signed dist):
    ( 0, 4) d=-0.00000000  OK
    ( 1, 9) d=-0.00000000  OK
    ( 2, 5) d=-0.00000000  OK
    ( 2,12) d=-0.00000000  OK
    ( 5,14) d=-0.00000000  OK
  Overlapping pairs: 0/105

--- Trying R = 2.974245 ---
  Energy: 0.00e+00  (0.8s)
  Valid! Score = 2.975390
  Closest 5 pairs (GJK signed dist):
    ( 0, 4) d=-0.00000000  OK
    ( 1, 9) d=-0.00000000  OK
    ( 2, 5) d=-0.00000000  OK
    ( 2,12) d=-0.00000000  OK
    ( 5,14) d=-0.00000000  OK
  Overlapping pairs: 0/105

--- Trying R = 2.973245 ---
  Energy: 0.00e+00  (0.9s)
  Valid! Score = 2.975418
  Closest 5 pairs (GJK signed dist):
    ( 0, 4) d=-0.00000000  OK
    ( 1, 9) d=-0.00000000  OK
    ( 2, 5) d=-0.00000000  OK
    ( 2,12) d=-0.00000000  OK
    ( 3, 4) d=-0.00000000  OK
  Overlapping pairs: 0/105

--- Trying R = 2.970245 ---
  Energy: 0.00e+00  (1.2s)
  Valid! Score = 2.975609
  Closest 5 pairs (GJK signed dist):
    ( 0, 4) d=-0.00000000  OK
    ( 1, 9) d=-0.00000000  OK
    ( 2, 5) d=-0.00000000  OK
    ( 2,12) d=-0.00000000  OK
    ( 4,11) d=-0.00000000  OK
  Overlapping pairs: 0/105

============================================================
Final result: 2.975245 (was 2.975245)
No improvement found.

============================================================
Phase 2: Small perturbations + GJK optimization
============================================================
  Trial  1: score=3.020341 [0.3s]
  Trial  2: score=3.015026 [0.5s]
  Trial  3: score=2.996018 [0.9s]
  Trial  4: score=3.001308 [1.3s]
  Trial  5: score=2.996627 [0.9s]
  Trial  6: score=2.999976 [1.0s]
  Trial  7: score=2.994826 [0.9s]
  Trial  8: score=3.002886 [0.9s]
  Trial  9: score=2.998162 [0.3s]
  Trial 10: score=3.017240 [0.5s]
  Trial 11: score=2.989749 [0.9s]
  Trial 12: score=2.994500 [0.9s]
  Trial 13: score=2.993139 [0.9s]
  Trial 14: score=2.990305 [0.9s]
  Trial 15: score=3.005654 [1.0s]
  Trial 16: score=2.989662 [0.2s]
  Trial 17: score=2.993974 [1.0s]
  Trial 18: score=2.987753 [0.9s]
  Trial 19: score=2.998973 [0.9s]
  Trial 20: score=2.995024 [1.0s]

============================================================
FINAL: 2.975245 (started at 2.975245)
No improvement.
