[15s] [w0] c1 rm=[4] pre=3.5522 → pol=3.029380
[15s] [w4] c1 rm=[9] pre=3.4501 → pol=3.031515
[16s] [w1] c1 rm=[14] pre=3.4443 → pol=3.004548
[18s] [w2] c1 rm=[np.int64(4), np.int64(8)] pre=3.8793 → pol=3.036008
[33s] [w0] c2 rm=[3, 1, 14] pre=3.7057 → pol=3.028003
[33s] [w1] c2 rm=[14] pre=3.4590 → pol=3.015992
[36s] [w2] c2 rm=[np.int64(3), np.int64(1)] pre=3.4344 → pol=2.991004
[45s] [w3] c1 rm=[14] pre=3.2447 → pol=2.962039
[51s] [w1] c3 rm=[14, np.int64(5), np.int64(2)] pre=3.6963 → pol=3.007530

[60s] === Best=2.960956 Workers=3/5 ===

[78s] [w2] c3 rm=[np.int64(7)] pre=3.6326 → pol=2.966302
[89s] [w3] c2 rm=[14] pre=3.3783 → pol=2.974210
[100s] [w2] c4 rm=[4, np.int64(0), np.int64(12)] pre=3.7990 → pol=3.023015
[107s] [w3] c3 rm=[14, np.int64(10)] pre=3.4809 → pol=3.031492

[120s] === Best=2.960956 Workers=2/5 ===

[125s] [w3] c4 rm=[14, np.int64(6)] pre=3.5175 → pol=3.010524
[138s] [w3] c5 rm=[np.int64(3)] pre=3.4765 → pol=2.992247
[162s] [w2] c6 rm=[14, 4, 1] pre=3.7010 → pol=2.987009

[181s] === Best=2.960956 Workers=2/5 ===

[182s] [w3] c6 rm=[4] pre=3.2335 → pol=2.980610
[196s] [w3] c7 rm=[14] pre=3.4904 → pol=3.031496
[208s] [w2] c7 rm=[np.int64(11)] pre=3.4822 → pol=2.981638

[241s] === Best=2.960956 Workers=2/5 ===

[244s] [w3] c10 rm=[np.int64(4)] pre=3.5193 → pol=3.019650
[260s] [w3] c11 rm=[11, 0] pre=3.6744 → pol=3.030705
[269s] [w2] c9 rm=[14, 4] pre=3.6865 → pol=2.976547
[285s] [w2] c10 rm=[4] pre=3.3639 → pol=3.034966

[301s] === Best=2.960956 Workers=1/5 ===

[337s] [w2] c13 rm=[14, 4, 1] pre=3.8150 → pol=3.011446

[361s] === Best=2.960956 Workers=1/5 ===

[418s] [w2] c16 rm=[14, np.int64(5)] pre=3.4729 → pol=2.989763

[421s] === Best=2.960956 Workers=1/5 ===

[434s] [w2] c17 rm=[14] pre=3.2936 → pol=3.036791
[20s] [w2] c1 rm=[4] pre=3.3288 → pol=2.991244
[20s] [w0] c1 rm=[4] pre=3.1808 → pol=3.019331
[21s] [w3] c1 rm=[14] pre=3.1769 → pol=2.993391
[36s] [w3] c2 rm=[14] pre=3.4828 → pol=3.018429
[37s] [w0] c2 rm=[np.int64(3)] pre=3.4522 → pol=3.027643
[46s] [w5] c1 rm=[14] pre=3.3650 → pol=2.965531
[54s] [w3] c3 rm=[8, 13] pre=3.5474 → pol=3.025989

[60s] === Best=2.960586 Workers=4/6 ===

[63s] [w1] c2 rm=[14] pre=3.4603 → pol=2.966209
[79s] [w2] c3 rm=[np.int64(13)] pre=3.3602 → pol=2.965681
[83s] [w1] c3 rm=[12, 4, 13] pre=4.0199 → pol=3.015286
[90s] [w0] c5 rm=[14, 4] pre=3.7291 → pol=3.005861
[94s] [w2] c4 rm=[14] pre=3.3036 → pol=2.993690
[105s] [w0] c6 rm=[4, np.int64(0)] pre=3.6362 → pol=3.024549

[120s] === Best=2.960586 Workers=2/6 ===

[121s] [w0] c7 rm=[14, np.int64(0)] pre=3.6483 → pol=3.032545
[163s] [w0] c8 rm=[14] pre=3.3924 → pol=2.974306

[180s] === Best=2.960586 Workers=1/6 ===

