[w5] warming up JIT...
[w5] JIT ready
[w5] c1 rm=[14] pre=3.3493 → pol=2.973975
[w5] c2 rm=[4, np.int64(8)] pre=3.2512 → pol=3.019345
[w5] c3 rm=[1] pre=3.3078 → pol=2.969404
[w5] c4 rm=[14] pre=3.4108 → pol=3.018865
[w5] c5 rm=[14, np.int64(2)] pre=3.5200 → pol=3.030088
[w5] c6 rm=[3, 1, 14] pre=3.7398 → pol=2.973814
[w5] c7 rm=[4] pre=3.3075 → pol=2.987992
[w5] c9 rm=[14, np.int64(7), np.int64(13)] pre=3.8892 → pol=3.010130
[w5] c10 rm=[np.int64(5)] pre=3.4892 → pol=3.019235
[w5] c12 rm=[4, np.int64(3), np.int64(11)] pre=3.8259 → pol=3.006405
[w5] c14 rm=[np.int64(2)] pre=3.4742 → pol=3.007244
[w5] c16 rm=[14, 4, 1] pre=3.7733 → pol=3.037684
[w5] c17 rm=[14] pre=3.3475 → pol=3.004849
[w5] c18 rm=[14] pre=3.1400 → pol=3.025514
[w5] c19 rm=[np.int64(12)] pre=3.4530 → pol=2.963473
[w5] c21 rm=[14, 4] pre=3.5891 → pol=2.982600
[w5] c22 rm=[14] pre=3.4002 → pol=2.973957
[w5] c23 rm=[9, 8, 7] pre=4.0108 → pol=2.981773
[w5] c26 rm=[12] pre=3.4650 → pol=2.967626
[w5] c27 rm=[14] pre=3.4301 → pol=2.997201
[w5] c28 rm=[14, 4] pre=3.5304 → pol=2.996302
[w5] c31 rm=[np.int64(2), np.int64(0)] pre=3.5694 → pol=2.985303
[w5] c33 rm=[14, 4] pre=3.6070 → pol=2.996396
[w5] c35 rm=[14, 4, 1] pre=3.8198 → pol=3.036683
[w5] c36 rm=[np.int64(1)] pre=3.5261 → pol=3.004884
[w5] c38 rm=[7] pre=3.4580 → pol=2.982591
[w5] c40 rm=[14, np.int64(5)] pre=3.7413 → pol=3.024942
[w5] c41 rm=[14] pre=3.4399 → pol=3.020734
[w5] c42 rm=[14, np.int64(0)] pre=3.4856 → pol=3.021570
[w5] c47 rm=[14] pre=3.3057 → pol=2.974027
[w5] c50 rm=[np.int64(3)] pre=3.3948 → pol=3.015516
[w5] c52 rm=[14] pre=3.4327 → pol=2.976849
[w5] c53 rm=[11] pre=3.4617 → pol=3.003742
[w5] c54 rm=[np.int64(8)] pre=3.4917 → pol=2.965942
[w5] c55 rm=[14] pre=3.2278 → pol=2.974749
[w5] c57 rm=[np.int64(2), np.int64(8)] pre=3.5046 → pol=3.019359
[w5] c58 rm=[6] pre=3.3808 → pol=2.979288
[w5] c59 rm=[np.int64(4)] pre=3.2002 → pol=2.986678
[w5] c61 rm=[14] pre=3.4942 → pol=3.013176
[w5] c63 rm=[np.int64(8), np.int64(6)] pre=4.0349 → pol=3.021118
