[w4] start | best=2.960586
[w4] c1 rm=[14] pre=3.3962 → pol=3.038647
[w4] c3 rm=[14, 4, 1] pre=3.5439 → pol=3.017112
[w4] c5 rm=[14] pre=3.5228 → pol=3.028251
[w4] c7 rm=[14, 4] pre=3.5282 → pol=2.973842
[w4] c8 rm=[np.int64(5)] pre=3.5238 → pol=3.005171
[w4] c11 rm=[14] pre=3.4773 → pol=3.003787
[w4] c12 rm=[np.int64(1)] pre=3.4531 → pol=2.995326
[w4] c13 rm=[4, np.int64(1), np.int64(6)] pre=3.4221 → pol=3.000504
[w4] c15 rm=[13] pre=3.3964 → pol=3.004186
[w4] c16 rm=[14, 4, 1] pre=3.5499 → pol=2.996397
[w4] c17 rm=[np.int64(9), np.int64(8)] pre=3.4600 → pol=2.973295
[w4] c18 rm=[14] pre=3.2250 → pol=2.973730
[w4] c19 rm=[4] pre=3.3370 → pol=2.962224
[w4] c21 rm=[14, 4] pre=3.6288 → pol=2.996740
[w4] c22 rm=[14] pre=3.2662 → pol=3.013422
[w4] c24 rm=[8, 13] pre=3.7367 → pol=3.025088
[w4] c25 rm=[14] pre=3.3676 → pol=2.992646
[w4] c26 rm=[14] pre=3.4037 → pol=2.992608
[w4] c30 rm=[14] pre=3.5065 → pol=3.039430
[w4] c33 rm=[14] pre=3.4930 → pol=3.005638
[w4] c34 rm=[14] pre=3.4534 → pol=2.976653
[w4] c43 rm=[14] pre=3.3973 → pol=3.032160
[w4] c44 rm=[np.int64(5)] pre=3.5609 → pol=3.021655
[w4] c47 rm=[4, np.int64(6)] pre=3.4371 → pol=3.037421
[w4] c50 rm=[4] pre=3.1552 → pol=2.987933
