[w4] warming up JIT...
[w4] JIT ready
[w4] c1 rm=[4] pre=3.4072 → pol=3.000544
[w4] c2 rm=[14] pre=3.2433 → pol=2.968620
[w4] c3 rm=[14, 4, 1] pre=3.7517 → pol=3.025728
[w4] c4 rm=[np.int64(10), np.int64(1)] pre=3.5499 → pol=3.017677
[w4] c5 rm=[14] pre=3.5337 → pol=3.037017
[w4] c7 rm=[14, 4] pre=3.4990 → pol=3.014647
[w4] c8 rm=[14] pre=3.3761 → pol=2.966813
[w4] c10 rm=[14, 4] pre=3.6272 → pol=3.021851
[w4] c12 rm=[4] pre=3.1478 → pol=3.000333
[w4] c15 rm=[np.int64(6), np.int64(3), np.int64(4)] pre=3.8186 → pol=2.986550
[w4] c16 rm=[14, np.int64(3), np.int64(12)] pre=3.5631 → pol=3.032401
[w4] c17 rm=[12, 4, 13] pre=3.6912 → pol=3.012910
[w4] c19 rm=[4, np.int64(11), np.int64(7)] pre=3.5426 → pol=2.991413
[w4] c21 rm=[14] pre=3.2962 → pol=2.999440
[w4] c22 rm=[14] pre=3.3217 → pol=2.961813
[w4] c23 rm=[14] pre=3.3250 → pol=2.973720
[w4] c24 rm=[14, 4] pre=3.5689 → pol=3.011477
[w4] c25 rm=[4] pre=3.4296 → pol=2.988688
[w4] c27 rm=[3, 1, 14] pre=3.7320 → pol=3.024679
[w4] c28 rm=[8, 13] pre=3.5203 → pol=2.997219
[w4] c29 rm=[14, 4, 1] pre=3.5962 → pol=3.019050
[w4] c30 rm=[14, np.int64(9)] pre=3.4777 → pol=2.973933
[w4] c31 rm=[4] pre=3.4437 → pol=2.992234
[w4] c33 rm=[14] pre=3.3888 → pol=2.992775
[w4] c35 rm=[4] pre=3.3821 → pol=2.972499
[w4] c38 rm=[14, 4, 1] pre=3.6649 → pol=2.997386
[w4] c40 rm=[14] pre=3.3013 → pol=2.973949
[w4] c41 rm=[11, 0] pre=4.0664 → pol=3.031516
[w4] c42 rm=[np.int64(7)] pre=3.5172 → pol=3.019847
[w4] c43 rm=[14, np.int64(11)] pre=3.6559 → pol=3.027263
[w4] c44 rm=[4] pre=3.3493 → pol=2.989571
[w4] c45 rm=[14] pre=3.5292 → pol=3.020077
[w4] c46 rm=[4] pre=3.4381 → pol=2.987188
[w4] c47 rm=[14] pre=3.3033 → pol=2.996330
[w4] c48 rm=[4] pre=3.4323 → pol=2.979774
[w4] c49 rm=[14, 4] pre=3.4544 → pol=2.997140
[w4] c50 rm=[14] pre=3.2688 → pol=2.974127
[w4] c51 rm=[5] pre=3.4640 → pol=3.024447
[w4] c52 rm=[np.int64(14), np.int64(3)] pre=3.3816 → pol=3.027691
[w4] c53 rm=[13] pre=3.5604 → pol=3.036619
[w4] c55 rm=[np.int64(3)] pre=3.3534 → pol=2.961793
[w4] c56 rm=[14] pre=3.4651 → pol=3.023736
[w4] c58 rm=[8, 13] pre=3.6284 → pol=2.988902
[w4] c60 rm=[14] pre=3.2436 → pol=2.993011
[w4] c61 rm=[14] pre=3.3191 → pol=2.992813
[w4] c62 rm=[0] pre=3.3882 → pol=3.012407
[w4] c63 rm=[4] pre=3.1083 → pol=2.988683
[w4] c65 rm=[6] pre=3.4637 → pol=3.036142
[w4] c66 rm=[2, 7] pre=3.4606 → pol=2.992145
[w4] c67 rm=[4] pre=3.4115 → pol=2.961750
