[w5] start | best=2.960586
[w5] c1 rm=[9, 8, 7] pre=3.8982 → pol=2.984686
[w5] c2 rm=[12, 1] pre=3.5254 → pol=3.029924
[w5] c3 rm=[np.int64(7)] pre=3.4587 → pol=3.021721
[w5] c4 rm=[14] pre=3.2243 → pol=2.980259
[w5] c7 rm=[14] pre=3.2748 → pol=2.981128
[w5] c10 rm=[np.int64(0), np.int64(3)] pre=3.4855 → pol=2.997969
[w5] c11 rm=[4] pre=3.3260 → pol=2.987709
[w5] c13 rm=[14] pre=3.5563 → pol=3.022884
[w5] c15 rm=[np.int64(0), np.int64(9), np.int64(4)] pre=3.8106 → pol=3.037042
[w5] c16 rm=[4, np.int64(9)] pre=3.9258 → pol=2.994671
[w5] c17 rm=[14, 4] pre=3.8215 → pol=2.994224
[w5] c20 rm=[4, np.int64(8)] pre=3.4838 → pol=3.027533
[w5] c23 rm=[4] pre=3.3514 → pol=2.961853
[w5] c24 rm=[14] pre=3.4200 → pol=3.014946
[w5] c25 rm=[4] pre=3.4498 → pol=3.000313
[w5] c27 rm=[4, np.int64(8)] pre=3.4113 → pol=2.992461
[w5] c28 rm=[14, 4, 1] pre=3.5956 → pol=3.017061
[w5] c29 rm=[14] pre=3.5272 → pol=3.028900
[w5] c30 rm=[8, 13] pre=3.6006 → pol=2.961882
[w5] c31 rm=[np.int64(10), np.int64(9)] pre=3.4874 → pol=3.027706
[w5] c33 rm=[14, 4] pre=3.7068 → pol=3.027570
[w5] c35 rm=[14] pre=3.4806 → pol=2.979297
[w5] c37 rm=[1] pre=3.4845 → pol=3.028864
[w5] c38 rm=[np.int64(8)] pre=3.2733 → pol=2.961970
[w5] c40 rm=[9, 4] pre=3.4595 → pol=3.009178
[w5] c42 rm=[14] pre=3.4772 → pol=3.036470
[w5] c45 rm=[14] pre=3.4315 → pol=2.976841
