[w0] start | best=2.960586
[w0] c5 rm=[11, 0] pre=3.5460 → pol=3.020188
[w0] c6 rm=[14] pre=3.4277 → pol=3.017142
[w0] c7 rm=[4] pre=3.3554 → pol=3.004680
[w0] c8 rm=[14] pre=3.2461 → pol=2.961945
[w0] c9 rm=[np.int64(13), np.int64(2)] pre=3.6911 → pol=2.997708
[w0] c10 rm=[np.int64(0), np.int64(12)] pre=3.6090 → pol=3.026429
[w0] c12 rm=[14, np.int64(2)] pre=3.6031 → pol=3.040037
[w0] c13 rm=[4, np.int64(13)] pre=3.5639 → pol=2.986884
[w0] c14 rm=[4, np.int64(0)] pre=3.5197 → pol=3.024697
[w0] c16 rm=[4, np.int64(0)] pre=3.4679 → pol=3.014535
[w0] c17 rm=[4, np.int64(5)] pre=3.6214 → pol=2.974253
[w0] c23 rm=[14] pre=3.5971 → pol=3.009956
[w0] c24 rm=[14, 4] pre=3.5441 → pol=2.974009
[w0] c25 rm=[np.int64(0)] pre=3.4599 → pol=2.994277
[w0] c27 rm=[0] pre=3.4511 → pol=3.031525
[w0] c29 rm=[1] pre=3.4332 → pol=2.962214
[w0] c32 rm=[np.int64(3)] pre=3.4761 → pol=3.007108
[w0] c34 rm=[np.int64(4), np.int64(8), np.int64(1)] pre=3.4670 → pol=3.014819
[w0] c38 rm=[14] pre=3.2238 → pol=2.973700
[w0] c39 rm=[11, 0] pre=3.4716 → pol=3.011946
[w0] c40 rm=[np.int64(14)] pre=3.3934 → pol=2.974122
[w0] c41 rm=[14, 4] pre=3.3536 → pol=2.974164
[w0] c44 rm=[np.int64(6)] pre=3.4040 → pol=3.000712
[w0] c45 rm=[np.int64(3)] pre=3.5388 → pol=3.023137
[w0] c46 rm=[13] pre=3.2385 → pol=3.034384
[w0] c47 rm=[np.int64(1)] pre=3.4981 → pol=2.961788
