[w1] warming up JIT...
[w1] JIT ready
[w1] c1 rm=[2, 7] pre=3.8549 → pol=3.024113
[w1] c3 rm=[14, 4] pre=3.4788 → pol=2.992256
[w1] c4 rm=[14, np.int64(6)] pre=3.3870 → pol=3.015124
[w1] c6 rm=[14, 4] pre=3.4493 → pol=3.017740
[w1] c9 rm=[14] pre=3.1285 → pol=2.973742
[w1] c11 rm=[14, 4] pre=3.7440 → pol=2.997277
[w1] c13 rm=[4] pre=3.4008 → pol=2.986511
[w1] c18 rm=[14, 4, 1] pre=3.6955 → pol=2.997537
[w1] c23 rm=[np.int64(14), np.int64(5)] pre=3.5148 → pol=3.023331
[w1] c26 rm=[12, 1] pre=3.5028 → pol=3.022587
[w1] c28 rm=[14, np.int64(3), np.int64(13)] pre=3.5402 → pol=2.964982
[w1] c30 rm=[np.int64(9)] pre=3.4042 → pol=3.005398
[w1] c31 rm=[14, 4] pre=3.6199 → pol=3.020008
[w1] c34 rm=[14] pre=3.2010 → pol=2.987838
[w1] c35 rm=[11] pre=3.4365 → pol=3.013790
[w1] c37 rm=[4] pre=3.4915 → pol=3.012717
[w1] c38 rm=[14, 4] pre=3.8525 → pol=3.002936
[w1] c40 rm=[10, 11, 6] pre=3.8533 → pol=2.993916
[w1] c41 rm=[np.int64(9)] pre=3.4944 → pol=3.034884
[w1] c43 rm=[14] pre=3.3182 → pol=2.962118
[w1] c44 rm=[8, 13] pre=3.5543 → pol=3.006568
[w1] c46 rm=[4] pre=3.4973 → pol=2.985087
[w1] c49 rm=[14] pre=3.4868 → pol=3.013468
[w1] c53 rm=[12] pre=3.4105 → pol=2.991651
[w1] c58 rm=[np.int64(9), np.int64(11)] pre=3.7209 → pol=3.020914
[w1] c59 rm=[14] pre=3.3909 → pol=2.974035
[w1] c60 rm=[11] pre=3.6867 → pol=3.006128
[w1] c62 rm=[9] pre=3.4012 → pol=2.990418
[w1] c63 rm=[14, np.int64(7)] pre=3.6917 → pol=3.009382
[w1] c65 rm=[14] pre=3.3738 → pol=3.004310
[w1] c66 rm=[14] pre=3.1705 → pol=2.979376
[w1] c67 rm=[14] pre=3.4013 → pol=2.973873
[w1] c68 rm=[np.int64(7), np.int64(0)] pre=3.4703 → pol=3.009696
[w1] c70 rm=[14, 4] pre=3.5900 → pol=3.033616
[w1] c71 rm=[4] pre=3.4723 → pol=2.991900
[w1] c72 rm=[np.int64(12)] pre=3.3801 → pol=3.013363
[w1] c73 rm=[4] pre=3.4387 → pol=2.987859
[w1] c75 rm=[14] pre=3.2707 → pol=2.979730
