[w3] start | best=2.960586
[w3] c1 rm=[np.int64(11)] pre=3.4797 → pol=3.008166
[w3] c2 rm=[14] pre=3.4456 → pol=2.973888
[w3] c4 rm=[4, np.int64(10)] pre=3.5817 → pol=3.023985
[w3] c5 rm=[np.int64(1), np.int64(10)] pre=3.4725 → pol=3.018355
[w3] c6 rm=[np.int64(1)] pre=3.5218 → pol=3.002413
[w3] c7 rm=[np.int64(1), np.int64(9), np.int64(14)] pre=3.5453 → pol=2.993044
[w3] c9 rm=[14] pre=3.3808 → pol=2.961784
[w3] c10 rm=[8] pre=3.4682 → pol=3.021809
[w3] c11 rm=[1] pre=3.5172 → pol=3.013767
[w3] c12 rm=[4] pre=3.2736 → pol=3.000533
[w3] c15 rm=[14] pre=3.2225 → pol=2.973698
[w3] c16 rm=[10, 5] pre=3.7360 → pol=3.033625
[w3] c17 rm=[14] pre=3.2937 → pol=3.034195
[w3] c19 rm=[3, 6] pre=3.5080 → pol=3.033903
[w3] c21 rm=[14, np.int64(1)] pre=3.4605 → pol=3.005947
[w3] c22 rm=[np.int64(0)] pre=3.4159 → pol=3.031145
[w3] c23 rm=[14] pre=3.4446 → pol=2.974271
[w3] c24 rm=[14, 4] pre=3.7646 → pol=2.996940
[w3] c26 rm=[14, np.int64(3)] pre=3.3957 → pol=2.992804
[w3] c27 rm=[np.int64(3), np.int64(7), np.int64(5)] pre=3.5221 → pol=3.023001
[w3] c28 rm=[7] pre=3.4591 → pol=3.000613
[w3] c29 rm=[4] pre=3.3169 → pol=2.986861
[w3] c31 rm=[11] pre=3.4716 → pol=2.997283
[w3] c32 rm=[14] pre=3.1943 → pol=2.977338
[w3] c33 rm=[np.int64(3)] pre=3.3711 → pol=3.001028
[w3] c36 rm=[13] pre=3.2002 → pol=2.987353
[w3] c38 rm=[np.int64(0)] pre=3.4983 → pol=3.020305
[w3] c39 rm=[4, np.int64(5)] pre=3.5111 → pol=3.030258
[w3] c40 rm=[14] pre=3.0993 → pol=2.962039
[w3] c42 rm=[4, np.int64(7)] pre=3.5160 → pol=3.026938
[w3] c43 rm=[14, 4, 1] pre=3.7914 → pol=3.019622
[w3] c45 rm=[14] pre=3.4761 → pol=2.965908
