[w0] warming up JIT...
[w0] JIT ready
[w0] c1 rm=[14, 4] pre=3.4075 → pol=3.024966
[w0] c2 rm=[14] pre=3.2887 → pol=2.961852
[w0] c3 rm=[np.int64(3)] pre=3.3896 → pol=2.973182
[w0] c4 rm=[10, 5] pre=3.7931 → pol=3.027169
[w0] c5 rm=[14, np.int64(5)] pre=3.5727 → pol=3.026844
[w0] c6 rm=[14, np.int64(8), np.int64(1)] pre=3.7301 → pol=2.979282
[w0] c8 rm=[10] pre=3.4587 → pol=3.007759
[w0] c11 rm=[14, 4] pre=4.0660 → pol=3.029687
[w0] c12 rm=[14, np.int64(2), np.int64(10)] pre=3.9894 → pol=3.040554
[w0] c14 rm=[4] pre=3.2205 → pol=3.001115
[w0] c15 rm=[4] pre=3.3912 → pol=2.962434
[w0] c16 rm=[np.int64(8)] pre=3.1864 → pol=2.962378
[w0] c17 rm=[np.int64(8), np.int64(12)] pre=3.4190 → pol=2.992121
[w0] c18 rm=[14] pre=3.4379 → pol=2.986868
[w0] c19 rm=[4] pre=3.4852 → pol=3.028991
[w0] c20 rm=[np.int64(10), np.int64(12)] pre=3.9587 → pol=3.016171
[w0] c22 rm=[14] pre=3.4835 → pol=3.036728
[w0] c25 rm=[np.int64(3)] pre=3.3451 → pol=2.966273
[w0] c27 rm=[np.int64(5)] pre=3.4185 → pol=3.000313
[w0] c29 rm=[np.int64(4)] pre=3.3619 → pol=2.986364
[w0] c30 rm=[np.int64(14)] pre=3.1724 → pol=2.974303
[w0] c31 rm=[np.int64(14)] pre=3.1241 → pol=2.974142
[w0] c32 rm=[14] pre=3.3003 → pol=3.017107
[w0] c35 rm=[4, np.int64(8)] pre=3.6333 → pol=3.014822
[w0] c36 rm=[14] pre=3.4902 → pol=2.977114
[w0] c37 rm=[14] pre=3.3502 → pol=2.973885
[w0] c38 rm=[np.int64(8)] pre=3.4871 → pol=3.025898
[w0] c39 rm=[10] pre=3.4557 → pol=3.025620
[w0] c41 rm=[14] pre=3.2457 → pol=2.992674
[w0] c42 rm=[np.int64(8)] pre=3.0476 → pol=3.030788
[w0] c47 rm=[14] pre=3.2797 → pol=2.979342
[w0] c48 rm=[14] pre=3.4891 → pol=3.004042
[w0] c50 rm=[np.int64(7), np.int64(1)] pre=3.6701 → pol=2.969763
[w0] c51 rm=[7] pre=3.4867 → pol=3.012132
[w0] c52 rm=[14, 4, 1] pre=3.6413 → pol=2.993367
[w0] c53 rm=[14] pre=3.3528 → pol=2.976369
[w0] c54 rm=[14, np.int64(5), np.int64(12)] pre=4.0076 → pol=3.023063
[w0] c55 rm=[14, 4] pre=3.4195 → pol=3.011650
[w0] c57 rm=[np.int64(13), np.int64(4), np.int64(5)] pre=3.6821 → pol=3.038433
[w0] c58 rm=[14] pre=3.2346 → pol=2.974174
[w0] c61 rm=[np.int64(0)] pre=3.4333 → pol=3.009800
[w0] c63 rm=[14, np.int64(0), np.int64(13)] pre=3.7006 → pol=3.007536
[w0] c64 rm=[14, 4] pre=3.5237 → pol=3.005644
[w0] c66 rm=[np.int64(12), np.int64(0)] pre=3.5911 → pol=3.034713
