[w2] start | best=2.960586
[w2] c1 rm=[14, 4] pre=3.6816 → pol=2.974158
[w2] c2 rm=[2, 7] pre=3.4853 → pol=3.039951
[w2] c5 rm=[14] pre=3.2686 → pol=2.976508
[w2] c6 rm=[12, 4, 13] pre=3.4457 → pol=3.036137
[w2] c7 rm=[14, 4] pre=3.5815 → pol=3.013527
[w2] c9 rm=[4] pre=3.1744 → pol=3.021829
[w2] c11 rm=[14] pre=3.3607 → pol=2.973980
[w2] c12 rm=[14, 4, 1] pre=3.7252 → pol=2.997077
[w2] c13 rm=[14] pre=3.3205 → pol=2.973822
[w2] c15 rm=[4, np.int64(14)] pre=3.3771 → pol=3.020352
[w2] c16 rm=[14] pre=3.3372 → pol=2.973836
[w2] c18 rm=[14] pre=3.4769 → pol=2.973929
[w2] c21 rm=[14, 4, 1] pre=3.7631 → pol=3.016789
[w2] c22 rm=[14, np.int64(0)] pre=3.8226 → pol=3.034755
[w2] c23 rm=[np.int64(13)] pre=3.5105 → pol=3.006736
[w2] c24 rm=[14, 4] pre=3.4861 → pol=3.017734
[w2] c25 rm=[np.int64(8), np.int64(13)] pre=3.7438 → pol=3.001161
[w2] c26 rm=[8, 13] pre=3.4918 → pol=3.040482
[w2] c27 rm=[np.int64(8)] pre=3.4599 → pol=3.039002
[w2] c28 rm=[14] pre=3.3626 → pol=2.972592
[w2] c29 rm=[np.int64(10), np.int64(1)] pre=3.4175 → pol=3.007017
[w2] c30 rm=[np.int64(4)] pre=3.1566 → pol=2.988304
[w2] c31 rm=[np.int64(0)] pre=3.5604 → pol=3.028870
[w2] c32 rm=[np.int64(2)] pre=3.4619 → pol=3.017993
[w2] c34 rm=[9, 8, 7] pre=3.8360 → pol=3.032819
[w2] c35 rm=[np.int64(10)] pre=3.4264 → pol=3.001271
[w2] c38 rm=[14, 4, 1] pre=3.6901 → pol=3.033906
[w2] c39 rm=[14, np.int64(12)] pre=3.4743 → pol=2.961917
[w2] c43 rm=[14] pre=3.4538 → pol=3.015289
[w2] c44 rm=[2] pre=3.4388 → pol=3.029125
[w2] c45 rm=[14] pre=3.2176 → pol=3.003883
