[w2] warming up JIT...
[w2] JIT ready
[w2] c1 rm=[14] pre=3.4169 → pol=2.998433
[w2] c3 rm=[14] pre=3.2109 → pol=3.022860
[w2] c4 rm=[0] pre=3.5227 → pol=2.976150
[w2] c11 rm=[14] pre=3.4475 → pol=2.974125
[w2] c13 rm=[14, np.int64(1)] pre=3.4344 → pol=2.974147
[w2] c22 rm=[14, np.int64(0)] pre=4.0900 → pol=3.012049
[w2] c23 rm=[14] pre=3.1377 → pol=2.993375
[w2] c24 rm=[13] pre=3.3785 → pol=2.988014
[w2] c25 rm=[np.int64(8), np.int64(10), np.int64(5)] pre=3.9338 → pol=3.036614
[w2] c26 rm=[14, np.int64(5), np.int64(6)] pre=3.9324 → pol=3.024005
[w2] c28 rm=[4] pre=3.3051 → pol=2.968538
[w2] c29 rm=[np.int64(2)] pre=3.5003 → pol=3.010433
[w2] c30 rm=[np.int64(1), np.int64(7), np.int64(11)] pre=3.4935 → pol=3.034480
[w2] c32 rm=[14] pre=3.4535 → pol=3.029504
[w2] c34 rm=[14, 4] pre=3.6642 → pol=3.019892
[w2] c35 rm=[14] pre=3.4637 → pol=3.036506
[w2] c36 rm=[np.int64(1), np.int64(12)] pre=3.4713 → pol=3.026045
[w2] c37 rm=[4, np.int64(1)] pre=3.5066 → pol=3.040339
[w2] c39 rm=[4, np.int64(10), np.int64(0)] pre=3.7665 → pol=3.027978
[w2] c40 rm=[14, 4] pre=3.4646 → pol=3.011610
[w2] c41 rm=[14] pre=3.5004 → pol=3.033737
[w2] c43 rm=[14] pre=3.4893 → pol=3.034472
[w2] c45 rm=[4, np.int64(10)] pre=3.4482 → pol=3.008469
[w2] c48 rm=[14] pre=3.2496 → pol=2.993419
[w2] c50 rm=[14] pre=3.3738 → pol=2.974153
[w2] c52 rm=[14, 4, 1] pre=3.7576 → pol=3.035960
[w2] c54 rm=[6] pre=3.1831 → pol=2.961731
[w2] c55 rm=[14, 4] pre=3.9651 → pol=2.979356
[w2] c56 rm=[2, 7] pre=3.5117 → pol=2.994071
[w2] c59 rm=[np.int64(6), np.int64(5)] pre=3.5062 → pol=3.020266
[w2] c60 rm=[np.int64(5), np.int64(2)] pre=3.8671 → pol=2.987679
[w2] c61 rm=[9, 8, 7] pre=3.4814 → pol=3.023174
[w2] c62 rm=[14, 4, 1] pre=3.5739 → pol=2.996402
[w2] c63 rm=[4] pre=3.4689 → pol=3.033091
[w2] c64 rm=[14, 4] pre=3.5526 → pol=3.011103
[w2] c65 rm=[np.int64(7), np.int64(10)] pre=3.5773 → pol=2.986757
[w2] c66 rm=[np.int64(4)] pre=3.4689 → pol=3.034790
[w2] c69 rm=[np.int64(14), np.int64(1)] pre=3.4609 → pol=3.006707
[w2] c70 rm=[4] pre=3.2753 → pol=3.001005
[w2] c71 rm=[4, np.int64(9)] pre=3.5078 → pol=3.017364
[w2] c72 rm=[9] pre=3.5433 → pol=3.008977
[w2] c74 rm=[np.int64(8)] pre=3.4623 → pol=2.962289
