[w1] start | best=2.960586
[w1] c1 rm=[14, 4, 1] pre=3.7373 → pol=3.025291
[w1] c3 rm=[14] pre=3.1207 → pol=2.974040
[w1] c4 rm=[14, 4] pre=3.6634 → pol=3.020560
[w1] c8 rm=[14] pre=3.4019 → pol=2.967646
[w1] c9 rm=[14] pre=3.1442 → pol=2.961985
[w1] c10 rm=[14, 4] pre=3.7657 → pol=3.024827
[w1] c11 rm=[14, 4] pre=3.4743 → pol=3.029474
[w1] c12 rm=[6] pre=3.4483 → pol=2.986686
[w1] c13 rm=[np.int64(7), np.int64(10), np.int64(5)] pre=4.1547 → pol=3.008097
[w1] c14 rm=[14, np.int64(4), np.int64(1)] pre=3.8846 → pol=3.026644
[w1] c15 rm=[14] pre=3.1715 → pol=2.992986
[w1] c16 rm=[14] pre=3.1780 → pol=2.973791
[w1] c17 rm=[14, 4] pre=3.7703 → pol=3.012500
[w1] c18 rm=[14] pre=3.4204 → pol=2.992751
[w1] c19 rm=[np.int64(5)] pre=3.4470 → pol=2.992739
[w1] c20 rm=[14, 4] pre=3.6351 → pol=2.997540
[w1] c21 rm=[np.int64(13)] pre=3.2838 → pol=2.961909
[w1] c22 rm=[14, 4] pre=3.7520 → pol=3.035790
[w1] c23 rm=[14, 4, 1] pre=3.4327 → pol=3.026649
[w1] c26 rm=[14] pre=3.2981 → pol=2.973709
[w1] c27 rm=[14] pre=3.2563 → pol=3.025297
[w1] c28 rm=[14] pre=3.0926 → pol=2.962009
[w1] c29 rm=[4] pre=3.4649 → pol=3.014351
[w1] c30 rm=[6] pre=3.3496 → pol=2.962092
[w1] c32 rm=[14, 4] pre=3.4638 → pol=3.019936
[w1] c34 rm=[14, np.int64(12)] pre=3.4818 → pol=2.973920
[w1] c35 rm=[14] pre=3.5152 → pol=3.019658
[w1] c36 rm=[4] pre=3.5183 → pol=2.997517
[w1] c37 rm=[1] pre=3.4014 → pol=2.961842
[w1] c39 rm=[14] pre=3.4261 → pol=2.993307
