[w3] warming up JIT...
[w3] JIT ready
[w3] c1 rm=[14, 4] pre=3.5771 → pol=3.019767
[w3] c3 rm=[4, np.int64(10)] pre=3.4504 → pol=3.006606
[w3] c7 rm=[np.int64(7)] pre=3.4076 → pol=3.029937
[w3] c8 rm=[14] pre=3.1357 → pol=2.974007
[w3] c10 rm=[3, 6] pre=3.5059 → pol=3.025052
[w3] c11 rm=[np.int64(0), np.int64(8)] pre=3.5337 → pol=3.005555
[w3] c13 rm=[14, 4, 1] pre=3.6386 → pol=2.973911
[w3] c16 rm=[np.int64(0), np.int64(7)] pre=3.5160 → pol=3.038929
[w3] c18 rm=[14] pre=3.3456 → pol=2.974072
[w3] c20 rm=[14] pre=3.4526 → pol=3.030270
[w3] c22 rm=[np.int64(4)] pre=3.2341 → pol=2.998282
[w3] c24 rm=[14, np.int64(8), np.int64(4)] pre=3.5464 → pol=2.986935
[w3] c25 rm=[13] pre=3.3665 → pol=2.961424
[w3] c27 rm=[np.int64(14)] pre=3.2673 → pol=2.989658
[w3] c28 rm=[14] pre=3.3513 → pol=2.974281
[w3] c30 rm=[14, 4] pre=3.4259 → pol=2.988441
[w3] c31 rm=[np.int64(14), np.int64(7)] pre=3.4829 → pol=3.010146
[w3] c34 rm=[np.int64(7), np.int64(4)] pre=3.6030 → pol=3.012367
[w3] c36 rm=[np.int64(0)] pre=3.5255 → pol=3.016346
[w3] c37 rm=[9, 4] pre=4.1601 → pol=3.032860
[w3] c39 rm=[14, np.int64(7)] pre=3.4514 → pol=2.964316
[w3] c40 rm=[14] pre=3.4246 → pol=3.009460
[w3] c44 rm=[4, np.int64(14)] pre=3.6964 → pol=3.017479
[w3] c46 rm=[14, 4] pre=3.4567 → pol=3.039526
[w3] c47 rm=[2, 7] pre=3.4759 → pol=3.003226
[w3] c48 rm=[np.int64(9)] pre=3.2327 → pol=3.027809
[w3] c49 rm=[14, np.int64(13)] pre=3.1767 → pol=2.973982
[w3] c51 rm=[14, np.int64(9)] pre=3.5485 → pol=2.987302
[w3] c53 rm=[14, 4] pre=3.3332 → pol=3.020235
[w3] c54 rm=[np.int64(0), np.int64(8)] pre=3.4995 → pol=3.005526
[w3] c55 rm=[4] pre=3.4653 → pol=3.009273
[w3] c57 rm=[14] pre=3.4432 → pol=2.965367
[w3] c58 rm=[14] pre=3.3973 → pol=2.973884
[w3] c60 rm=[14] pre=3.2820 → pol=2.973891
[w3] c61 rm=[13] pre=3.4647 → pol=2.961700
[w3] c65 rm=[14] pre=3.2494 → pol=3.002259
[w3] c66 rm=[5] pre=3.4860 → pol=2.999978
[w3] c67 rm=[np.int64(3)] pre=3.4124 → pol=2.970796
