[w0] lns4 start | best=2.960586
[w0] c1 k=5 rm=[14, 4, 1, 8, 13] pre=3.6525 → pol=2.996759
[w0] c2 k=6 rm=[np.int64(0), np.int64(4), np.int64(14), np.int64(8), np.int64(9), np.int64(5)] pre=4.0411 → pol=3.009901
[w0] c3 k=7 rm=[np.int64(5), np.int64(0), np.int64(3), np.int64(4), np.int64(6), np.int64(11), np.int64(13)] pre=3.8371 → pol=2.996823
[w0] c5 k=5 rm=[14, np.int64(8), np.int64(1), np.int64(4), np.int64(11)] pre=3.6390 → pol=3.028674
[w0] c6 k=6 rm=[14, 4, 1, 8, 13, 3] pre=3.7381 → pol=3.044308
[w0] c7 k=6 rm=[np.int64(2), np.int64(4), np.int64(14), np.int64(5), np.int64(8), np.int64(9)] pre=4.1103 → pol=3.025630
[w0] c9 k=3 rm=[np.int64(10), np.int64(13), np.int64(2)] pre=3.4148 → pol=3.007942
[w0] c10 k=7 rm=[14, np.int64(7), np.int64(4), np.int64(8), np.int64(5), np.int64(3), np.int64(13)] pre=3.8664 → pol=3.023169
[w0] c14 k=5 rm=[np.int64(2), np.int64(11), np.int64(9), np.int64(4), np.int64(8)] pre=4.0019 → pol=2.999546
[w0] c16 k=6 rm=[14, np.int64(1), np.int64(3), np.int64(2), np.int64(12), np.int64(13)] pre=3.5400 → pol=3.028103
[w0] c17 k=6 rm=[14, np.int64(7), np.int64(0), np.int64(11), np.int64(12), np.int64(1)] pre=3.9546 → pol=3.014421
[w0] c21 k=5 rm=[9, 2, 11, 1, 13] pre=3.7915 → pol=3.028145
[w0] c24 k=5 rm=[np.int64(11), np.int64(10), np.int64(4), np.int64(14), np.int64(9)] pre=3.8535 → pol=3.036794
[w0] c25 k=6 rm=[np.int64(2), np.int64(14), np.int64(11), np.int64(0), np.int64(10), np.int64(9)] pre=4.0892 → pol=3.005167
[w0] c26 k=6 rm=[np.int64(9), np.int64(1), np.int64(12), np.int64(6), np.int64(5), np.int64(14)] pre=4.0581 → pol=3.053613
[w0] c27 k=5 rm=[np.int64(1), np.int64(6), np.int64(0), np.int64(5), np.int64(13)] pre=3.4927 → pol=3.005798
[w0] c29 k=4 rm=[14, 4, 1, 8] pre=3.5877 → pol=2.996132
[w0] c30 k=3 rm=[np.int64(4), np.int64(10), np.int64(0)] pre=3.5056 → pol=3.031609
[w0] c31 k=5 rm=[14, 4, 1, 8, 13] pre=3.6398 → pol=3.030318
[w0] c32 k=3 rm=[3, 1, 14] pre=3.6590 → pol=3.053966
[w0] c33 k=5 rm=[14, 4, 1, 8, 13] pre=3.9582 → pol=3.032162
[w0] c34 k=5 rm=[np.int64(11), np.int64(2), np.int64(14), np.int64(4), np.int64(9)] pre=3.8363 → pol=3.045833
[w0] c37 k=5 rm=[np.int64(7), np.int64(10), np.int64(4), np.int64(14), np.int64(5)] pre=3.7726 → pol=3.053052
[w0] c42 k=5 rm=[np.int64(0), np.int64(6), np.int64(9), np.int64(5), np.int64(3)] pre=4.3386 → pol=3.015818
[w0] c43 k=3 rm=[12, 4, 13] pre=3.6042 → pol=2.986821
[w0] c44 k=5 rm=[9, 2, 11, 1, 13] pre=4.2660 → pol=3.051563
[w0] c45 k=6 rm=[np.int64(5), np.int64(14), np.int64(1), np.int64(6), np.int64(11), np.int64(4)] pre=3.8102 → pol=3.021634
[w0] c46 k=3 rm=[14, 4, 1] pre=3.6420 → pol=3.006245
[w0] c49 k=4 rm=[14, 4, 1, 8] pre=3.8252 → pol=3.019105
[w0] c51 k=5 rm=[np.int64(6), np.int64(2), np.int64(10), np.int64(12), np.int64(7)] pre=3.6670 → pol=3.038388
[w0] c52 k=5 rm=[12, 8, 5, 6, 14] pre=3.9703 → pol=2.988112
[w0] c53 k=4 rm=[np.int64(0), np.int64(12), np.int64(3), np.int64(8)] pre=3.9429 → pol=3.017476
[w0] c54 k=4 rm=[np.int64(11), np.int64(14), np.int64(4), np.int64(5)] pre=3.5116 → pol=3.010184
[w0] c55 k=3 rm=[np.int64(10), np.int64(7), np.int64(5)] pre=3.9471 → pol=3.015361
[w0] c57 k=5 rm=[np.int64(7), np.int64(11), np.int64(4), np.int64(8), np.int64(9)] pre=4.1126 → pol=2.965613
[w0] c59 k=3 rm=[np.int64(11), np.int64(4), np.int64(10)] pre=3.6785 → pol=2.985949
[w0] c61 k=7 rm=[9, 12, 3, 11, 5, 7, 13] pre=4.0214 → pol=3.053446
[w0] c64 k=7 rm=[14, 4, 1, 8, 13, 3, 9] pre=3.7721 → pol=3.028942
[w0] c66 k=4 rm=[14, 4, 1, 8] pre=3.4905 → pol=3.041689
[w0] c67 k=6 rm=[np.int64(7), np.int64(11), np.int64(5), np.int64(4), np.int64(0), np.int64(10)] pre=4.1780 → pol=3.022043
[w0] c68 k=4 rm=[np.int64(0), np.int64(2), np.int64(11), np.int64(4)] pre=4.0638 → pol=3.018498
[w0] c69 k=6 rm=[np.int64(6), np.int64(9), np.int64(1), np.int64(3), np.int64(5), np.int64(13)] pre=3.7430 → pol=2.997466
[w0] c70 k=4 rm=[14, 4, 1, 8] pre=3.7024 → pol=3.013876
[w0] c77 k=5 rm=[np.int64(1), np.int64(2), np.int64(12), np.int64(11), np.int64(9)] pre=4.0591 → pol=3.007465
[w0] c78 k=4 rm=[14, 4, 1, 8] pre=3.6315 → pol=3.009109
[w0] c79 k=7 rm=[np.int64(2), np.int64(14), np.int64(9), np.int64(8), np.int64(4), np.int64(5)] pre=4.1169 → pol=3.049338
[w0] c80 k=4 rm=[np.int64(11), np.int64(4), np.int64(8), np.int64(5)] pre=3.9307 → pol=2.988240
[w0] c81 k=7 rm=[14, 4, 1, 8, 13, 3, 9] pre=3.8167 → pol=2.999857
[w0] c82 k=3 rm=[np.int64(11), np.int64(0), np.int64(4)] pre=4.0011 → pol=3.020315
[w0] c84 k=4 rm=[10, 3, 4, 7] pre=3.9433 → pol=3.042079
[w0] c85 k=4 rm=[np.int64(7), np.int64(10), np.int64(9), np.int64(8)] pre=4.0607 → pol=2.996882
[w0] c86 k=5 rm=[np.int64(9), np.int64(7), np.int64(5), np.int64(3), np.int64(12)] pre=3.8235 → pol=3.035261
[w0] c90 k=7 rm=[np.int64(13), np.int64(14), np.int64(1), np.int64(4), np.int64(9), np.int64(10), np.int64(12)] pre=3.8947 → pol=3.019756
[w0] c91 k=5 rm=[14, np.int64(0), np.int64(12), np.int64(4), np.int64(11)] pre=3.8950 → pol=3.034736
[w0] c92 k=3 rm=[np.int64(2), np.int64(0), np.int64(8)] pre=3.7083 → pol=3.043270
[w0] c93 k=5 rm=[np.int64(10), np.int64(11), np.int64(9), np.int64(13), np.int64(3)] pre=4.0428 → pol=3.037127
[w0] c94 k=4 rm=[np.int64(1), np.int64(9), np.int64(7), np.int64(12)] pre=3.6738 → pol=3.045427
[w0] c96 k=4 rm=[14, 4, 1, 8] pre=3.5426 → pol=3.021907
[w0] c97 k=7 rm=[9, 12, 3, 11, 5, 7, 13] pre=3.9639 → pol=3.051417
[w0] c98 k=4 rm=[np.int64(2), np.int64(9), np.int64(14), np.int64(8)] pre=3.9067 → pol=3.005513
[w0] c99 k=4 rm=[np.int64(11), np.int64(0), np.int64(4), np.int64(8)] pre=3.7086 → pol=3.016874
[w0] c102 k=3 rm=[np.int64(10), np.int64(7), np.int64(14)] pre=3.8002 → pol=3.058779
[w0] c103 k=5 rm=[12, 8, 5, 6, 14] pre=3.8768 → pol=3.054924
[w0] c104 k=5 rm=[14, np.int64(13), np.int64(2), np.int64(12), np.int64(5)] pre=3.8691 → pol=2.994831
[w0] c106 k=5 rm=[np.int64(7), np.int64(5), np.int64(4), np.int64(9), np.int64(14)] pre=3.8017 → pol=3.019898
[w0] c108 k=4 rm=[10, 3, 4, 7] pre=3.9236 → pol=2.990827
[w0] c111 k=3 rm=[np.int64(5), np.int64(6), np.int64(13)] pre=3.9257 → pol=3.019466
[w0] c112 k=5 rm=[12, 8, 5, 6, 14] pre=3.9134 → pol=3.015311
[w0] c115 k=7 rm=[np.int64(0), np.int64(5), np.int64(9), np.int64(4), np.int64(14), np.int64(8)] pre=4.1150 → pol=3.058426
[w0] c118 k=4 rm=[np.int64(7), np.int64(10), np.int64(14), np.int64(8)] pre=3.8437 → pol=3.029660
[w0] c119 k=3 rm=[14, 4, 1] pre=3.7078 → pol=3.011940
[w0] c120 k=6 rm=[np.int64(2), np.int64(12), np.int64(1), np.int64(5), np.int64(13), np.int64(6)] pre=3.8299 → pol=3.022172
[w0] c121 k=4 rm=[14, np.int64(0), np.int64(10), np.int64(13)] pre=3.5306 → pol=2.996254
[w0] c122 k=4 rm=[9, 2, 11, 1] pre=3.9965 → pol=3.029212
[w0] c124 k=5 rm=[14, 4, 1, 8, 13] pre=3.7424 → pol=3.036681
[w0] c125 k=3 rm=[9, 8, 7] pre=3.6403 → pol=2.983142
[w0] c126 k=6 rm=[14, np.int64(9), np.int64(1), np.int64(8), np.int64(12), np.int64(13)] pre=3.5451 → pol=3.045922
[w0] c129 k=5 rm=[9, 2, 11, 1, 13] pre=3.9659 → pol=3.011358
[w0] c130 k=4 rm=[np.int64(8), np.int64(9), np.int64(6), np.int64(5)] pre=3.7452 → pol=3.025981
[w0] c132 k=4 rm=[np.int64(10), np.int64(2), np.int64(14), np.int64(4)] pre=3.5537 → pol=2.997566
[w0] c134 k=6 rm=[14, 4, 1, 8, 13, 3] pre=3.8702 → pol=3.022943
[w0] c136 k=4 rm=[np.int64(0), np.int64(13), np.int64(6), np.int64(12)] pre=3.8255 → pol=3.041884
[w0] c137 k=4 rm=[14, 4, 1, 8] pre=3.9263 → pol=3.015013
[w0] c139 k=7 rm=[10, 2, 8, 4, 1, 6, 0] pre=3.8049 → pol=3.052462
[w0] c141 k=5 rm=[14, np.int64(3), np.int64(12), np.int64(13), np.int64(1)] pre=3.9548 → pol=3.008394
[w0] c142 k=6 rm=[10, 2, 8, 4, 1, 6] pre=3.9758 → pol=3.032183
[w0] c143 k=4 rm=[14, np.int64(12), np.int64(0), np.int64(1)] pre=3.8904 → pol=3.058828
[w0] c144 k=5 rm=[np.int64(2), np.int64(14), np.int64(9), np.int64(4), np.int64(8)] pre=3.8160 → pol=3.051847
[w0] c148 k=3 rm=[14, 4, 1] pre=3.6977 → pol=3.055356
[w0] c149 k=5 rm=[np.int64(8), np.int64(10), np.int64(4), np.int64(9), np.int64(5)] pre=4.3377 → pol=3.035567
[w0] c150 k=6 rm=[np.int64(0), np.int64(1), np.int64(3), np.int64(12), np.int64(4), np.int64(13)] pre=3.6670 → pol=3.058353
[w0] c153 k=5 rm=[14, np.int64(4), np.int64(13), np.int64(8), np.int64(7)] pre=3.8867 → pol=3.058403
[w0] c154 k=4 rm=[np.int64(0), np.int64(7), np.int64(5), np.int64(9)] pre=3.8455 → pol=2.999132
[w0] c155 k=5 rm=[np.int64(1), np.int64(7), np.int64(0), np.int64(14), np.int64(9)] pre=3.5730 → pol=3.012719
[w0] c156 k=5 rm=[14, np.int64(4), np.int64(10), np.int64(0), np.int64(5)] pre=4.3272 → pol=3.014779
[w0] c158 k=5 rm=[np.int64(7), np.int64(4), np.int64(9), np.int64(5), np.int64(14)] pre=3.8758 → pol=3.029241
[w0] c159 k=5 rm=[np.int64(11), np.int64(14), np.int64(8), np.int64(9), np.int64(5)] pre=3.9011 → pol=3.001518
[w0] c161 k=6 rm=[14, 4, 1, 8, 13, 3] pre=3.7143 → pol=3.032568
[w0] c162 k=3 rm=[np.int64(0), np.int64(5), np.int64(8)] pre=4.0212 → pol=3.020384
[w0] c163 k=3 rm=[np.int64(9), np.int64(4), np.int64(11)] pre=3.9082 → pol=3.010805
[w0] c164 k=7 rm=[np.int64(8), np.int64(9), np.int64(10), np.int64(6), np.int64(7), np.int64(2), np.int64(4)] pre=3.8517 → pol=3.055603
[w0] c165 k=5 rm=[14, np.int64(5), np.int64(13), np.int64(1), np.int64(0)] pre=4.0658 → pol=3.023721
[w0] c166 k=5 rm=[10, 3, 4, 7, 0] pre=4.1964 → pol=3.053454
[w0] c167 k=5 rm=[14, np.int64(12), np.int64(5), np.int64(3), np.int64(13)] pre=4.0578 → pol=3.045400
[w0] c168 k=6 rm=[np.int64(2), np.int64(7), np.int64(3), np.int64(5), np.int64(8), np.int64(9)] pre=4.0028 → pol=3.017918
[w0] c169 k=4 rm=[np.int64(0), np.int64(2), np.int64(8), np.int64(14)] pre=3.9567 → pol=3.032251
[w0] c170 k=5 rm=[14, 4, 1, 8, 13] pre=3.7706 → pol=3.054786
[w0] c172 k=5 rm=[9, 2, 11, 1, 13] pre=3.9208 → pol=3.026140
[w0] c174 k=6 rm=[14, 4, 1, 8, 13, 3] pre=3.5944 → pol=3.031521
