[w1] lns4 start | best=2.960586
[w1] c1 k=6 rm=[np.int64(2), np.int64(0), np.int64(8), np.int64(14), np.int64(4), np.int64(9)] pre=4.0241 → pol=3.030028
[w1] c4 k=4 rm=[14, 4, 1, 8] pre=3.4688 → pol=2.997647
[w1] c6 k=3 rm=[14, 4, 1] pre=3.6766 → pol=3.044072
[w1] c7 k=5 rm=[14, np.int64(11), np.int64(13), np.int64(0), np.int64(8)] pre=3.5385 → pol=3.028196
[w1] c8 k=7 rm=[14, 4, 1, 8, 13, 3, 9] pre=4.0829 → pol=3.029874
[w1] c9 k=4 rm=[9, 2, 11, 1] pre=3.6600 → pol=3.042014
[w1] c10 k=3 rm=[14, 4, 1] pre=3.7239 → pol=3.029943
[w1] c11 k=7 rm=[14, 4, 1, 8, 13, 3, 9] pre=3.7053 → pol=3.009518
[w1] c13 k=5 rm=[12, 8, 5, 6, 14] pre=3.9377 → pol=3.026276
[w1] c14 k=3 rm=[np.int64(9), np.int64(6), np.int64(0)] pre=3.9357 → pol=3.039499
[w1] c15 k=4 rm=[14, np.int64(12), np.int64(9), np.int64(2)] pre=3.9966 → pol=3.046478
[w1] c16 k=5 rm=[12, 8, 5, 6, 14] pre=3.8865 → pol=3.015655
[w1] c17 k=6 rm=[14, np.int64(11), np.int64(8), np.int64(4), np.int64(3), np.int64(12)] pre=3.7654 → pol=3.020404
[w1] c20 k=5 rm=[14, np.int64(10), np.int64(13), np.int64(5), np.int64(3)] pre=3.9043 → pol=3.049189
[w1] c21 k=3 rm=[14, 4, 1] pre=3.4375 → pol=3.020422
[w1] c22 k=5 rm=[9, 2, 11, 1, 13] pre=4.1426 → pol=3.053257
[w1] c23 k=5 rm=[14, 4, 1, 8, 13] pre=3.6813 → pol=3.052065
[w1] c24 k=5 rm=[14, np.int64(1), np.int64(2), np.int64(7), np.int64(3)] pre=3.7781 → pol=3.015715
[w1] c25 k=3 rm=[np.int64(10), np.int64(13), np.int64(7)] pre=3.7228 → pol=3.041126
[w1] c27 k=4 rm=[14, 4, 1, 8] pre=3.4773 → pol=3.009443
[w1] c28 k=5 rm=[np.int64(2), np.int64(7), np.int64(1), np.int64(13), np.int64(6)] pre=4.1263 → pol=2.989616
[w1] c29 k=3 rm=[14, 4, 1] pre=3.4376 → pol=3.032448
[w1] c31 k=5 rm=[np.int64(11), np.int64(7), np.int64(9), np.int64(0), np.int64(2)] pre=4.0314 → pol=3.033628
[w1] c35 k=5 rm=[12, 8, 5, 6, 14] pre=3.9888 → pol=3.050070
[w1] c36 k=4 rm=[np.int64(11), np.int64(7), np.int64(9), np.int64(8)] pre=3.9886 → pol=3.020360
[w1] c37 k=4 rm=[np.int64(11), np.int64(0), np.int64(9), np.int64(5)] pre=4.0369 → pol=3.047047
[w1] c40 k=4 rm=[9, 2, 11, 1] pre=3.8728 → pol=3.027918
[w1] c42 k=5 rm=[14, np.int64(10), np.int64(2), np.int64(1), np.int64(8)] pre=3.9738 → pol=3.019917
[w1] c44 k=3 rm=[14, np.int64(4), np.int64(3)] pre=3.5444 → pol=3.055821
[w1] c45 k=5 rm=[np.int64(2), np.int64(14), np.int64(3), np.int64(4), np.int64(11)] pre=3.7729 → pol=3.011705
[w1] c46 k=3 rm=[14, np.int64(9), np.int64(8)] pre=3.6140 → pol=3.004340
[w1] c47 k=5 rm=[10, 3, 4, 7, 0] pre=3.9959 → pol=3.018598
[w1] c48 k=5 rm=[14, 4, 1, 8, 13] pre=3.5894 → pol=3.016113
[w1] c49 k=5 rm=[np.int64(5), np.int64(0), np.int64(9), np.int64(2), np.int64(1)] pre=3.9163 → pol=3.043225
[w1] c51 k=5 rm=[9, 2, 11, 1, 13] pre=4.0667 → pol=3.023237
[w1] c52 k=6 rm=[np.int64(2), np.int64(14), np.int64(8), np.int64(9), np.int64(5), np.int64(4)] pre=3.9197 → pol=3.030720
[w1] c53 k=5 rm=[10, 3, 4, 7, 0] pre=4.0255 → pol=3.034711
[w1] c54 k=3 rm=[10, 11, 6] pre=3.6469 → pol=3.016369
[w1] c55 k=6 rm=[10, 2, 8, 4, 1, 6] pre=3.4643 → pol=3.038170
[w1] c56 k=5 rm=[12, 8, 5, 6, 14] pre=4.1205 → pol=3.037446
[w1] c60 k=5 rm=[14, 4, 1, 8, 13] pre=3.6940 → pol=3.030484
[w1] c62 k=5 rm=[np.int64(9), np.int64(7), np.int64(13), np.int64(10), np.int64(12)] pre=3.8211 → pol=3.049513
[w1] c64 k=7 rm=[14, np.int64(1), np.int64(13), np.int64(6), np.int64(3), np.int64(4), np.int64(11)] pre=4.1230 → pol=3.025256
[w1] c65 k=5 rm=[14, 4, 1, 8, 13] pre=3.8483 → pol=3.051503
[w1] c67 k=5 rm=[10, 3, 4, 7, 0] pre=4.0780 → pol=3.028737
[w1] c70 k=7 rm=[14, np.int64(10), np.int64(13), np.int64(8), np.int64(2), np.int64(4), np.int64(1)] pre=3.7879 → pol=3.033288
[w1] c71 k=4 rm=[14, 4, 1, 8] pre=4.0026 → pol=3.016137
[w1] c75 k=5 rm=[14, 4, 1, 8, 13] pre=3.8749 → pol=3.015594
[w1] c76 k=3 rm=[np.int64(2), np.int64(8), np.int64(0)] pre=4.0924 → pol=3.007431
[w1] c77 k=3 rm=[14, np.int64(4), np.int64(3)] pre=3.7040 → pol=3.005647
[w1] c79 k=4 rm=[14, np.int64(12), np.int64(8), np.int64(13)] pre=3.6217 → pol=3.043681
[w1] c80 k=4 rm=[14, np.int64(2), np.int64(8), np.int64(5)] pre=3.8905 → pol=3.011540
[w1] c82 k=7 rm=[14, 4, 1, 8, 13, 3, 9] pre=3.8173 → pol=3.010989
[w1] c85 k=5 rm=[np.int64(2), np.int64(9), np.int64(8), np.int64(5), np.int64(14)] pre=3.8892 → pol=3.015614
[w1] c86 k=6 rm=[np.int64(14), np.int64(6), np.int64(8), np.int64(5), np.int64(9), np.int64(13)] pre=3.5627 → pol=2.986498
[w1] c87 k=4 rm=[np.int64(10), np.int64(2), np.int64(14), np.int64(5)] pre=3.7226 → pol=3.035648
[w1] c89 k=6 rm=[14, np.int64(4), np.int64(1), np.int64(11), np.int64(12), np.int64(7)] pre=4.3049 → pol=2.992404
[w1] c90 k=7 rm=[14, 4, 1, 8, 13, 3, 9] pre=3.8833 → pol=3.056928
[w1] c91 k=4 rm=[10, 3, 4, 7] pre=4.0634 → pol=3.057759
[w1] c92 k=4 rm=[14, 4, 1, 8] pre=3.8101 → pol=3.050626
[w1] c95 k=5 rm=[14, 4, 1, 8, 13] pre=3.7839 → pol=3.030707
[w1] c99 k=5 rm=[14, 4, 1, 8, 13] pre=3.7363 → pol=3.010346
[w1] c100 k=5 rm=[14, 4, 1, 8, 13] pre=3.9704 → pol=3.040989
[w1] c101 k=6 rm=[10, 2, 8, 4, 1, 6] pre=3.8500 → pol=3.050387
[w1] c103 k=7 rm=[14, np.int64(1), np.int64(4), np.int64(12), np.int64(9), np.int64(11), np.int64(0)] pre=4.1528 → pol=3.026853
[w1] c104 k=5 rm=[np.int64(2), np.int64(4), np.int64(9), np.int64(14), np.int64(8)] pre=3.8115 → pol=3.028477
[w1] c105 k=7 rm=[10, 2, 8, 4, 1, 6, 0] pre=4.0995 → pol=3.051676
[w1] c106 k=4 rm=[14, 4, 1, 8] pre=3.6175 → pol=2.997133
[w1] c107 k=5 rm=[14, 4, 1, 8, 13] pre=3.6774 → pol=3.027915
[w1] c108 k=5 rm=[12, 8, 5, 6, 14] pre=4.0424 → pol=3.059891
[w1] c110 k=3 rm=[np.int64(10), np.int64(8), np.int64(4)] pre=3.5364 → pol=3.025213
[w1] c112 k=5 rm=[np.int64(11), np.int64(3), np.int64(1), np.int64(14), np.int64(13)] pre=3.9222 → pol=3.035134
[w1] c113 k=3 rm=[2, 5, 0] pre=4.0012 → pol=3.037157
[w1] c114 k=3 rm=[2, 5, 0] pre=4.0374 → pol=3.021158
