start R=2.969719 | max_cycles=1000
cycle   0 remove=[4] reinsert=3.08843 refined=3.02699
cycle   1 remove=[np.int64(1)] reinsert=3.43899 refined=3.42647
cycle   2 remove=[np.int64(13)] reinsert=3.45068 refined=3.42098
cycle   3 remove=[4] reinsert=3.12014 refined=3.10618
cycle   4 remove=[4] reinsert=3.21351 refined=3.18886
cycle   5 remove=[4] reinsert=3.19941 refined=3.12939
cycle   6 remove=[4] reinsert=3.18536 refined=3.16813
cycle   7 remove=[4] reinsert=3.36940 refined=3.33821
cycle   8 remove=[np.int64(0)] reinsert=3.46642 refined=3.45597
cycle   9 remove=[np.int64(3)] reinsert=3.32953 refined=3.30815
cycle  10 remove=[4] reinsert=3.09927 refined=3.06949
cycle  11 remove=[np.int64(11)] reinsert=3.41702 refined=3.39181
cycle  12 remove=[4] reinsert=3.31270 refined=3.29384
cycle  13 remove=[4] reinsert=3.20578 refined=3.17572
cycle  14 remove=[4] reinsert=3.29101 refined=3.26982
cycle  15 remove=[np.int64(7)] reinsert=3.41865 refined=3.40079
cycle  16 remove=[np.int64(2)] reinsert=3.47283 refined=3.45823
cycle  17 remove=[4] reinsert=3.23857 refined=3.22356
cycle  18 remove=[4] reinsert=3.17390 refined=3.12242
cycle  19 remove=[0] no valid reinsertion
cycle  20 remove=[0] no valid reinsertion
cycle  21 remove=[0] no valid reinsertion
cycle  22 remove=[0] no valid reinsertion
cycle  23 remove=[0] no valid reinsertion
cycle  24 remove=[0] no valid reinsertion
cycle  25 remove=[np.int64(1)] no valid reinsertion
cycle  26 remove=[0] no valid reinsertion
cycle  27 remove=[0] no valid reinsertion
cycle  28 remove=[0] no valid reinsertion
cycle  29 remove=[0] no valid reinsertion
cycle  30 remove=[0] no valid reinsertion
cycle  31 remove=[0] no valid reinsertion
cycle  32 remove=[np.int64(6)] reinsert=3.26462 refined=3.24810 *** NEW BEST ***
cycle  33 remove=[np.int64(2)] reinsert=3.45350 refined=3.43265
cycle  34 remove=[14] reinsert=3.25663 refined=3.24050
cycle  35 remove=[np.int64(14)] reinsert=3.28495 refined=3.25656
cycle  36 remove=[4] reinsert=3.33769 refined=3.27967
cycle  37 remove=[13] reinsert=3.19734 refined=3.18698
cycle  38 remove=[np.int64(8)] reinsert=3.20449 refined=3.14585
cycle  39 remove=[np.int64(1)] reinsert=3.43761 refined=3.42185
cycle  40 remove=[4] no valid reinsertion
cycle  41 remove=[4] reinsert=3.27730 refined=3.23470
cycle  42 remove=[np.int64(2)] reinsert=3.44873 refined=3.43298
cycle  43 remove=[np.int64(0)] reinsert=3.50776 refined=3.49303
cycle  44 remove=[4] no valid reinsertion
cycle  45 remove=[4] no valid reinsertion
cycle  46 remove=[np.int64(11)] reinsert=3.46488 refined=3.44479
cycle  47 remove=[4] no valid reinsertion
cycle  48 remove=[4] no valid reinsertion
