start R=2.969719 | max_cycles=1000
cycle   0 remove=[4] reinsert=3.26989 refined=3.24863
cycle   1 remove=[4] reinsert=3.08797 refined=3.06138
cycle   2 remove=[np.int64(13)] reinsert=3.49153 refined=3.46064
cycle   3 remove=[4] reinsert=3.25134 refined=3.22340
cycle   4 remove=[4] reinsert=3.28257 refined=3.25893
cycle   5 remove=[4] reinsert=3.24125 refined=3.21430
cycle   6 remove=[4] reinsert=3.30270 refined=3.26986
cycle   7 remove=[4] reinsert=3.24312 refined=3.21898
cycle   8 remove=[4] reinsert=3.20983 refined=3.15884
cycle   9 remove=[4] reinsert=3.24650 refined=3.22653
cycle  10 remove=[4] reinsert=3.28040 refined=3.21967
cycle  11 remove=[4] reinsert=3.38889 refined=3.36440
cycle  12 remove=[np.int64(1)] reinsert=3.40357 refined=3.39154
cycle  13 remove=[np.int64(7)] reinsert=3.14951 refined=3.13760
cycle  14 remove=[4] reinsert=3.18204 refined=3.13386
cycle  15 remove=[4] reinsert=3.27644 refined=3.25034
cycle  16 remove=[4] reinsert=3.35657 refined=3.33165
cycle  17 remove=[np.int64(3)] reinsert=3.20206 refined=3.17774
cycle  18 remove=[4] reinsert=3.28176 refined=3.27137
cycle  19 remove=[0] no valid reinsertion
cycle  20 remove=[0] no valid reinsertion
cycle  21 remove=[np.int64(1)] no valid reinsertion
cycle  22 remove=[0] no valid reinsertion
cycle  23 remove=[0] no valid reinsertion
cycle  24 remove=[0] no valid reinsertion
cycle  25 remove=[np.int64(11)] no valid reinsertion
cycle  26 remove=[np.int64(10)] no valid reinsertion
cycle  27 remove=[0] no valid reinsertion
cycle  28 remove=[0] no valid reinsertion
cycle  29 remove=[np.int64(13)] reinsert=3.48650 refined=3.45825
cycle  30 remove=[14] reinsert=3.24811 refined=3.23783 *** NEW BEST ***
cycle  31 remove=[4] reinsert=3.34698 refined=3.28492
cycle  32 remove=[np.int64(13)] reinsert=3.19709 refined=3.14363 *** NEW BEST ***
cycle  33 remove=[np.int64(11)] reinsert=3.47347 refined=3.44362
cycle  34 remove=[13] reinsert=3.13562 refined=3.11994 *** NEW BEST ***
cycle  35 remove=[4] no valid reinsertion
cycle  36 remove=[4] reinsert=3.25741 refined=3.23044
cycle  37 remove=[np.int64(14)] reinsert=3.23212 refined=3.15190
cycle  38 remove=[4] no valid reinsertion
cycle  39 remove=[np.int64(14)] reinsert=3.43159 refined=3.39754
cycle  40 remove=[4] no valid reinsertion
cycle  41 remove=[4] no valid reinsertion
cycle  42 remove=[np.int64(12)] reinsert=3.52342 refined=3.49815
cycle  43 remove=[np.int64(4)] reinsert=3.24549 refined=3.21861
