Random multistart: 6 workers, 18000s, starting from R=2.975245
Target: R < 2.97275
[w0 run  1] start=3.946 → R=3.161119
[w4 run  1] start=3.894 → R=3.160400
[w2 run  1] start=3.948 → R=3.286974
[w3 run  1] start=3.898 → R=3.447166
[w5 run  1] start=3.896 → R=3.618853
Process Process-3:
Traceback (most recent call last):
  File "/usr/lib/python3.12/multiprocessing/process.py", line 314, in _bootstrap
    self.run()
  File "/usr/lib/python3.12/multiprocessing/process.py", line 108, in run
    self._target(*self._args, **self._kwargs)
  File "/home/camcore/.openclaw/workspace/shape-packing-challenge/random_multistart.py", line 96, in worker
    saved, score = save_if_better(bx, by, bt)
                   ^^^^^^^^^^^^^^^^^^^^^^^^^^
  File "/home/camcore/.openclaw/workspace/shape-packing-challenge/random_multistart.py", line 32, in save_if_better
    sol = [Semicircle(float(xs[i]),float(ys[i]),float(ts[i])) for i in range(N)]
                            ~~^^^
TypeError: 'NoneType' object is not subscriptable
[w4 run  2] start=3.971 → R=4.382747
[w1 run  1] start=3.934 → R=3.805048
[w5 run  2] start=3.949 → R=3.221350
[w0 run  2] start=3.956 → R=3.368844
[w3 run  2] start=3.908 → R=3.177037
[w4 run  3] start=3.980 → R=3.522172
Process Process-6:
Traceback (most recent call last):
  File "/usr/lib/python3.12/multiprocessing/process.py", line 314, in _bootstrap
    self.run()
  File "/usr/lib/python3.12/multiprocessing/process.py", line 108, in run
    self._target(*self._args, **self._kwargs)
  File "/home/camcore/.openclaw/workspace/shape-packing-challenge/random_multistart.py", line 96, in worker
    saved, score = save_if_better(bx, by, bt)
                   ^^^^^^^^^^^^^^^^^^^^^^^^^^
  File "/home/camcore/.openclaw/workspace/shape-packing-challenge/random_multistart.py", line 32, in save_if_better
    sol = [Semicircle(float(xs[i]),float(ys[i]),float(ts[i])) for i in range(N)]
                            ~~^^^
TypeError: 'NoneType' object is not subscriptable
Process Process-4:
Traceback (most recent call last):
  File "/usr/lib/python3.12/multiprocessing/process.py", line 314, in _bootstrap
    self.run()
  File "/usr/lib/python3.12/multiprocessing/process.py", line 108, in run
    self._target(*self._args, **self._kwargs)
  File "/home/camcore/.openclaw/workspace/shape-packing-challenge/random_multistart.py", line 96, in worker
    saved, score = save_if_better(bx, by, bt)
                   ^^^^^^^^^^^^^^^^^^^^^^^^^^
  File "/home/camcore/.openclaw/workspace/shape-packing-challenge/random_multistart.py", line 32, in save_if_better
    sol = [Semicircle(float(xs[i]),float(ys[i]),float(ts[i])) for i in range(N)]
                            ~~^^^
TypeError: 'NoneType' object is not subscriptable
[w1 run  2] start=3.946 → R=3.787833
[w4 run  4] start=3.940 → R=3.143899
[w0 run  3] start=3.939 → R=3.154747
[w1 run  3] start=3.761 → R=3.383865
[w4 run  5] start=3.943 → R=3.138746
