Deep SA: 30 runs × 200M steps from R=2.975245
Target: R < 2.97275 (cluster floor)
[run  1] R=3.051724  (358s)
[run  0] R=3.121702  (360s)
[run  2] R=3.051407  (361s)
[run  5] R=3.060498  (365s)
[run  3] R=3.078249  (366s)
[run  4] R=3.079163  (384s)
[run  7] R=3.060119  (347s)
[run 11] R=3.061020  (346s)
[run  6] R=3.076457  (352s)
[run  8] R=3.055075  (359s)
[run  9] R=3.050648  (355s)
[run 10] R=3.035057  (362s)
[run 13] R=3.060311  (347s)
[run 17] R=3.067473  (341s)
[run 12] R=3.071334  (348s)
[run 14] R=3.089993  (349s)
[run 15] R=3.094668  (350s)
[run 16] R=3.088920  (353s)
[run 19] R=3.069790  (330s)
[run 23] R=3.077005  (330s)
[run 18] R=3.054666  (331s)
[run 20] R=3.061342  (330s)
[run 21] R=3.069984  (330s)
[run 22] R=3.080418  (327s)
[run 25] R=3.074179  (274s)
[run 29] R=3.058179  (276s)
[run 24] R=3.073754  (269s)
[run 26] R=3.082068  (273s)
[run 27] R=3.069835  (276s)
[run 28] R=3.069907  (267s)

Done. Best: R=2.975245  (started: R=2.975245)
