
============================================================
  Topology: seed_brickwall
============================================================
  Trial  1/10: valid start R=5.9069, running PBH...
=== PBH | pop=8 | rounds=100 | start R=5.906885 ===
Population initialized: 8 members
  [   1.0] ★ rattler    → R=5.855698
  [   1.1] ★ rattler    → R=5.489995
  [   1.3] ★ rattler    → R=5.294333
  [   1.5] ★ rattler    → R=5.243386
  [   1.7] ★ standard   → R=5.188689
  [   2.1] ★ rattler    → R=5.035909
  [   2.2] ★ rattler    → R=5.002612
  [   2.3] ★ rattler    → R=4.989955
  [   2.4] ★ rattler    → R=4.985926
  [   3.4] ★ rattler    → R=4.971391
  [   3.7] ★ rattler    → R=4.864755
  [   4.1] ★ standard   → R=4.864704
  [   4.2] ★ flat_face  → R=4.851378
  [   4.4] ★ rattler    → R=4.836615
  [   5.2] ★ rattler    → R=4.811297
  [   5.4] ★ rattler    → R=4.795832
  [   5.5] ★ rattler    → R=4.763773
  [   5.7] ★ standard   → R=4.680739
  [   6.1] ★ standard   → R=4.592682
  [   6.4] ★ rattler    → R=4.582711
  [   6.5] ★ rattler    → R=4.518135
  [   7.1] ★ rattler    → R=4.508682
  [   7.2] ★ rattler    → R=4.497991
  [   8.2] ★ rattler    → R=4.415299
  [  10.2] ★ rattler    → R=4.310868
  [  11.2] ★ rattler    → R=4.241508
  [  12.2] ★ rattler    → R=4.201849
  --- Round 20: global_best=4.201849 pop_best=4.201849 valid=7/8 ---
  [  21.1] ★ rattler    → R=4.108826
  [  22.1] ★ rattler    → R=4.032881
  [  23.1] ★ rattler    → R=4.011720
  [  25.1] ★ rattler    → R=3.969619
  [  26.1] ★ standard   → R=3.961088
  [  37.3] ★ standard   → R=3.948021
  [  37.5] ★ flat_face  → R=3.894485
  [  38.1] ★ standard   → R=3.885842
  [  39.1] ★ rattler    → R=3.810177
  --- Round 40: global_best=3.810177 pop_best=3.810177 valid=7/8 ---
  --- Round 60: global_best=3.810177 pop_best=3.810177 valid=7/8 ---
  [  79.3] ★ standard   → R=3.794347
  --- Round 80: global_best=3.794347 pop_best=3.794347 valid=8/8 ---
  --- Round 100: global_best=3.794347 pop_best=3.794347 valid=8/8 ---

=== PBH done | best R=3.794347 ===
    PBH result: R=3.794347
  Trial  2/10: valid start R=5.9887, running PBH...
=== PBH | pop=8 | rounds=100 | start R=5.988664 ===
Population initialized: 8 members
  [   1.0] ★ rattler    → R=5.920325
  [   1.1] ★ rattler    → R=5.829019
  [   1.2] ★ rattler    → R=5.641770
  [   1.3] ★ rattler    → R=5.363736
  [   1.4] ★ rattler    → R=5.181258
  [   1.5] ★ rattler    → R=5.180452
  [   1.6] ★ rattler    → R=5.089362
  [   1.7] ★ rattler    → R=5.035979
  [   2.1] ★ rattler    → R=4.980778
  [   2.2] ★ rattler    → R=4.884250
  [   2.5] ★ rattler    → R=4.834931
  [   2.6] ★ rattler    → R=4.834873
  [   2.7] ★ rattler    → R=4.693547
  [   3.2] ★ rattler    → R=4.680076
  [   3.5] ★ standard   → R=4.675942
  [   4.2] ★ rattler    → R=4.671353
  [   4.4] ★ rattler    → R=4.662888
  [   4.5] ★ flat_face  → R=4.580906
  [   4.6] ★ rattler    → R=4.482611
  [   5.1] ★ rattler    → R=4.443802
  [   5.3] ★ rattler    → R=4.421938
  [   5.4] ★ rattler    → R=4.408584
  [   5.5] ★ rattler    → R=4.338769
  [   6.3] ★ rattler    → R=4.300368
  --- Round 20: global_best=4.300368 pop_best=4.300368 valid=4/8 ---
  --- Round 40: global_best=4.300368 pop_best=4.300368 valid=4/8 ---
  --- Round 60: global_best=4.300368 pop_best=4.300368 valid=4/8 ---
  --- Round 80: global_best=4.300368 pop_best=4.300368 valid=4/8 ---
  --- Round 100: global_best=4.300368 pop_best=4.300368 valid=4/8 ---

=== PBH done | best R=4.300368 ===
    PBH result: R=4.300368
  Trial  3/10: valid start R=5.8674, running PBH...
=== PBH | pop=8 | rounds=100 | start R=5.867362 ===
Population initialized: 8 members
  [   1.1] ★ rattler    → R=5.720334
  [   1.3] ★ standard   → R=5.392545
  [   1.4] ★ rattler    → R=5.254280
  [   1.5] ★ flat_face  → R=5.121251
  [   1.6] ★ rattler    → R=5.007122
  [   1.7] ★ rattler    → R=4.893789
  [   2.1] ★ rattler    → R=4.728318
  [   2.4] ★ rattler    → R=4.599135
  [   3.1] ★ rattler    → R=4.568073
  [   9.4] ★ standard   → R=4.563357
  [  10.4] ★ rattler    → R=4.507640
  [  11.4] ★ rattler    → R=4.497662
  [  12.4] ★ rattler    → R=4.493331
  [  19.7] ★ standard   → R=4.416699
  [  20.7] ★ standard   → R=4.334781
  --- Round 20: global_best=4.334781 pop_best=4.334781 valid=7/8 ---
  [  21.7] ★ standard   → R=3.984079
  [  28.7] ★ flat_face  → R=3.963685
  [  36.7] ★ standard   → R=3.783829
  [  40.7] ★ flat_face  → R=3.775781
  --- Round 40: global_best=3.775781 pop_best=3.775781 valid=7/8 ---
  [  41.7] ★ standard   → R=3.732695
  [  46.7] ★ standard   → R=3.731428
  --- Round 60: global_best=3.731428 pop_best=3.731428 valid=7/8 ---
  --- Round 80: global_best=3.731428 pop_best=3.731428 valid=7/8 ---
  --- Round 100: global_best=3.731428 pop_best=3.731428 valid=7/8 ---

=== PBH done | best R=3.731428 ===
    PBH result: R=3.731428
  Trial  4/10: valid start R=5.8999, running PBH...
=== PBH | pop=8 | rounds=100 | start R=5.899938 ===
Population initialized: 8 members
  [   1.1] ★ rattler    → R=5.208807
  [   1.3] ★ rattler    → R=5.142059
  [   1.4] ★ rattler    → R=5.141547
  [   1.5] ★ flat_face  → R=5.135795
  [   1.6] ★ rattler    → R=5.043747
  [   2.1] ★ rattler    → R=4.898226
  [   2.4] ★ rattler    → R=4.882737
  [   2.5] ★ rattler    → R=4.828191
  [   2.6] ★ rattler    → R=4.782221
  [   2.7] ★ rattler    → R=4.734217
  [   3.1] ★ rattler    → R=4.672999
  [   3.3] ★ rattler    → R=4.649054
  [   3.6] ★ rattler    → R=4.634957
  [   4.1] ★ rattler    → R=4.472683
  [   4.2] ★ rattler    → R=4.415088
  [   4.3] ★ rattler    → R=4.407747
  [   4.4] ★ rattler    → R=4.395131
  [   4.6] ★ flat_face  → R=4.361699
  [   4.7] ★ rattler    → R=4.350504
  [   5.3] ★ rattler    → R=4.349745
  [   5.7] ★ rattler    → R=4.328345
  [   6.6] ★ rattler    → R=4.273189
  [   6.7] ★ rattler    → R=4.252894
  [   7.7] ★ rattler    → R=4.183909
  --- Round 20: global_best=4.183909 pop_best=4.183909 valid=2/8 ---
  --- Round 40: global_best=4.183909 pop_best=4.183909 valid=2/8 ---
  --- Round 60: global_best=4.183909 pop_best=4.183909 valid=2/8 ---
  --- Round 80: global_best=4.183909 pop_best=4.183909 valid=2/8 ---
  --- Round 100: global_best=4.183909 pop_best=4.183909 valid=2/8 ---

=== PBH done | best R=4.183909 ===
    PBH result: R=4.183909
  Trial  5/10: valid start R=5.9125, running PBH...
=== PBH | pop=8 | rounds=100 | start R=5.912469 ===
Population initialized: 8 members
  [   1.0] ★ rattler    → R=5.296457
  [   1.1] ★ rattler    → R=5.148633
  [   1.2] ★ flat_face  → R=5.098520
  [   1.7] ★ rattler    → R=4.908176
  [   2.1] ★ rattler    → R=4.896352
  [   3.1] ★ rattler    → R=4.873344
  [   3.4] ★ flat_face  → R=4.723517
  [   4.2] ★ rattler    → R=4.667715
  [   4.4] ★ flat_face  → R=4.634613
  [   4.7] ★ standard   → R=4.616716
  [   6.3] ★ standard   → R=4.599813
  [   9.7] ★ standard   → R=4.591071
  [  10.7] ★ standard   → R=4.576614
  [  12.3] ★ rattler    → R=4.541047
  [  13.3] ★ rattler    → R=4.509039
  [  14.3] ★ rattler    → R=4.489385
  [  15.2] ★ flat_face  → R=4.443064
  [  15.3] ★ rattler    → R=4.422485
  [  16.3] ★ rattler    → R=4.421712
  [  17.3] ★ rattler    → R=4.411364
  --- Round 20: global_best=4.411364 pop_best=4.411364 valid=4/8 ---
  [  21.5] ★ standard   → R=4.399082
  [  23.6] ★ rattler    → R=4.386670
  --- Round 40: global_best=4.386670 pop_best=4.386670 valid=4/8 ---
  --- Round 60: global_best=4.386670 pop_best=4.386670 valid=4/8 ---
  --- Round 80: global_best=4.386670 pop_best=4.386670 valid=4/8 ---
  --- Round 100: global_best=4.386670 pop_best=4.386670 valid=4/8 ---

=== PBH done | best R=4.386670 ===
    PBH result: R=4.386670
  Trial  6/10: valid start R=5.9204, running PBH...
=== PBH | pop=8 | rounds=100 | start R=5.920376 ===
Population initialized: 8 members
  [   1.1] ★ standard   → R=5.633896
  [   1.2] ★ flat_face  → R=5.483071
  [   1.3] ★ rattler    → R=5.326168
  [   1.5] ★ rattler    → R=5.125708
  [   1.6] ★ rattler    → R=4.880055
  [   2.1] ★ rattler    → R=4.840728
  [   2.2] ★ rattler    → R=4.700640
  [   2.5] ★ rattler    → R=4.658640
  [   2.6] ★ rattler    → R=4.464995
  [   3.6] ★ rattler    → R=4.353577
  [   4.5] ★ standard   → R=4.074548
  [   5.5] ★ rattler    → R=3.973130
  [   6.5] ★ rattler    → R=3.972458
  [   9.1] ★ standard   → R=3.957460
  [   9.7] ★ rattler    → R=3.944707
  [  11.5] ★ standard   → R=3.935836
  [  12.5] ★ rattler    → R=3.925440
  [  13.5] ★ rattler    → R=3.872128
  [  17.7] ★ flat_face  → R=3.843214
  --- Round 20: global_best=3.843214 pop_best=3.843214 valid=6/8 ---
  --- Round 40: global_best=3.843214 pop_best=3.843214 valid=8/8 ---
  --- Round 60: global_best=3.843214 pop_best=3.843214 valid=8/8 ---
  [  72.6] ★ standard   → R=3.833300
  [  74.6] ★ standard   → R=3.744464
  [  76.6] ★ standard   → R=3.722885
  --- Round 80: global_best=3.722885 pop_best=3.722885 valid=8/8 ---
  --- Round 100: global_best=3.722885 pop_best=3.722885 valid=8/8 ---

=== PBH done | best R=3.722885 ===
    PBH result: R=3.722885
  Trial  7/10: valid start R=5.9039, running PBH...
=== PBH | pop=8 | rounds=100 | start R=5.903874 ===
Population initialized: 8 members
  [   1.0] ★ rattler    → R=5.340165
  [   1.1] ★ rattler    → R=5.246136
  [   1.3] ★ rattler    → R=5.183318
  [   1.4] ★ rattler    → R=5.158955
  [   1.5] ★ rattler    → R=5.123713
  [   2.1] ★ rattler    → R=5.025243
  [   2.4] ★ standard   → R=5.022700
  [   2.7] ★ rattler    → R=4.907724
  [   3.2] ★ rattler    → R=4.906402
  [   3.3] ★ rattler    → R=4.856152
  [   3.4] ★ rattler    → R=4.746793
  [   3.7] ★ rattler    → R=4.651212
  [   5.1] ★ standard   → R=4.650244
  [   5.2] ★ rattler    → R=4.636504
  --- Round 20: global_best=4.636504 pop_best=4.636504 valid=3/8 ---
  --- Round 40: global_best=4.636504 pop_best=4.636504 valid=3/8 ---
  --- Round 60: global_best=4.636504 pop_best=4.636504 valid=3/8 ---
  --- Round 80: global_best=4.636504 pop_best=4.636504 valid=3/8 ---
  --- Round 100: global_best=4.636504 pop_best=4.636504 valid=3/8 ---

=== PBH done | best R=4.636504 ===
    PBH result: R=4.636504
  Trial  8/10: valid start R=5.9414, running PBH...
=== PBH | pop=8 | rounds=100 | start R=5.941405 ===
Population initialized: 8 members
  [   1.1] ★ standard   → R=5.667919
  [   1.2] ★ flat_face  → R=5.625088
  [   1.3] ★ rattler    → R=5.407222
  [   1.4] ★ rattler    → R=5.056652
  [   1.5] ★ rattler    → R=4.990511
  [   1.7] ★ rattler    → R=4.937752
  [   2.2] ★ standard   → R=4.910426
  [   2.3] ★ rattler    → R=4.821607
  [   2.4] ★ flat_face  → R=4.632968
  [   3.2] ★ rattler    → R=4.627685
  [   3.3] ★ rattler    → R=4.609241
  [   3.4] ★ rattler    → R=4.585735
  [   5.2] ★ standard   → R=4.566563
  [   5.7] ★ rattler    → R=4.493650
  [   6.7] ★ rattler    → R=4.468251
  [  20.5] ★ standard   → R=4.462667
  --- Round 20: global_best=4.462667 pop_best=4.462667 valid=5/8 ---
  [  24.1] ★ standard   → R=4.362173
  [  25.1] ★ standard   → R=4.197225
  [  31.4] ★ standard   → R=4.150713
  [  36.4] ★ flat_face  → R=4.099417
  [  37.4] ★ flat_face  → R=4.064596
  [  38.4] ★ flat_face  → R=4.052089
  --- Round 40: global_best=4.052089 pop_best=4.052089 valid=5/8 ---
  [  45.4] ★ standard   → R=4.045962
  [  48.4] ★ standard   → R=4.019829
  [  50.4] ★ standard   → R=4.014167
  [  51.4] ★ standard   → R=4.000246
  [  59.7] ★ standard   → R=3.976067
  --- Round 60: global_best=3.976067 pop_best=3.976067 valid=5/8 ---
  [  62.1] ★ flat_face  → R=3.974817
  [  65.1] ★ standard   → R=3.945389
  [  69.4] ★ standard   → R=3.902365
  [  75.4] ★ flat_face  → R=3.880669
  [  76.4] ★ standard   → R=3.833295
  [  77.4] ★ flat_face  → R=3.782017
  --- Round 80: global_best=3.782017 pop_best=3.782017 valid=6/8 ---
  [  86.1] ★ standard   → R=3.780321
  [  89.2] ★ standard   → R=3.756044
  [  90.1] ★ standard   → R=3.755664
  [ 100.1] ★ standard   → R=3.735482
  --- Round 100: global_best=3.735482 pop_best=3.735482 valid=6/8 ---

=== PBH done | best R=3.735482 ===
    PBH result: R=3.735482
  Trial  9/10: valid start R=5.9530, running PBH...
=== PBH | pop=8 | rounds=100 | start R=5.953045 ===
Population initialized: 8 members
  [   1.0] ★ rattler    → R=5.550054
  [   1.1] ★ rattler    → R=5.471327
  [   1.4] ★ rattler    → R=5.456497
  [   1.5] ★ rattler    → R=5.409117
  [   1.6] ★ rattler    → R=5.154425
  [   2.5] ★ rattler    → R=5.071102
  [   2.7] ★ rattler    → R=4.987350
  [   3.5] ★ rattler    → R=4.867457
  [   3.7] ★ rattler    → R=4.783821
  [   4.5] ★ rattler    → R=4.759971
  [   5.4] ★ rattler    → R=4.672650
  --- Round 20: global_best=4.672650 pop_best=4.672650 valid=5/8 ---
  --- Round 40: global_best=4.672650 pop_best=4.672650 valid=5/8 ---
  --- Round 60: global_best=4.672650 pop_best=4.672650 valid=5/8 ---
  --- Round 80: global_best=4.672650 pop_best=4.672650 valid=5/8 ---
  --- Round 100: global_best=4.672650 pop_best=4.672650 valid=5/8 ---

=== PBH done | best R=4.672650 ===
    PBH result: R=4.672650
  Trial 10/10: valid start R=5.9559, running PBH...
=== PBH | pop=8 | rounds=100 | start R=5.955857 ===
Population initialized: 8 members
  [   1.0] ★ rattler    → R=5.932574
  [   1.1] ★ rattler    → R=5.409233
  [   1.2] ★ rattler    → R=5.321807
  [   1.3] ★ flat_face  → R=5.277003
  [   1.4] ★ flat_face  → R=5.153803
  [   1.5] ★ rattler    → R=4.798320
  [   2.1] ★ rattler    → R=4.761093
  [   2.2] ★ rattler    → R=4.726115
  [   2.3] ★ flat_face  → R=4.686045
  [   2.5] ★ flat_face  → R=4.598488
  [   3.1] ★ rattler    → R=4.552685
  [   3.2] ★ rattler    → R=4.549743
  [   3.3] ★ rattler    → R=4.488852
  [   4.1] ★ rattler    → R=4.437967
  [   4.3] ★ rattler    → R=4.426598
  [   5.1] ★ rattler    → R=4.377154
  [   6.1] ★ rattler    → R=4.328254
  [   7.1] ★ rattler    → R=4.319102
  [   9.6] ★ rattler    → R=4.316228
  [  10.4] ★ rattler    → R=4.309024
  [  14.5] ★ rattler    → R=4.301063
  [  19.6] ★ standard   → R=4.260728
  --- Round 20: global_best=4.260728 pop_best=4.260728 valid=6/8 ---
  --- Round 40: global_best=4.260728 pop_best=4.260728 valid=6/8 ---
  --- Round 60: global_best=4.260728 pop_best=4.260728 valid=6/8 ---
  --- Round 80: global_best=4.260728 pop_best=4.260728 valid=6/8 ---
  --- Round 100: global_best=4.260728 pop_best=4.260728 valid=6/8 ---

=== PBH done | best R=4.260728 ===
    PBH result: R=4.260728

======================================================================
  SUMMARY
======================================================================
  Topology             | Valid starts |   Best R | Rounds
  ---------------------+--------------+----------+-------
  seed_brickwall       |    10/10     |   3.7229 |    100

  Best found: R=3.722885 (current best: 2.974)
