
============================================================
  Topology: seed_conjugate_7
============================================================
  Trial  1/20: valid start R=3.5866, running PBH...
=== PBH | pop=8 | rounds=50 | start R=3.586577 ===
Population initialized: 8 members
  --- Round 20: global_best=3.586577 pop_best=3.586577 valid=5/8 ---
  --- Round 40: global_best=3.586577 pop_best=3.586577 valid=5/8 ---

=== PBH done | best R=3.586577 ===
    PBH result: R=3.586577
  Trial  2/20: seed failed
  Trial  3/20: seed failed
  Trial  4/20: valid start R=3.6018, running PBH...
=== PBH | pop=8 | rounds=50 | start R=3.601772 ===
Population initialized: 8 members
  --- Round 20: global_best=3.601772 pop_best=3.601772 valid=4/8 ---
  --- Round 40: global_best=3.601772 pop_best=3.601772 valid=4/8 ---

=== PBH done | best R=3.601772 ===
    PBH result: R=3.601772
  Trial  5/20: seed failed
  Trial  6/20: seed failed
  Trial  7/20: seed failed
  Trial  8/20: seed failed
  Trial  9/20: seed failed
  Trial 10/20: seed failed
  Trial 11/20: seed failed
  Trial 12/20: valid start R=3.6368, running PBH...
=== PBH | pop=8 | rounds=50 | start R=3.636803 ===
Population initialized: 8 members
  --- Round 20: global_best=3.636803 pop_best=3.636803 valid=4/8 ---
  --- Round 40: global_best=3.636803 pop_best=3.636803 valid=4/8 ---

=== PBH done | best R=3.636803 ===
    PBH result: R=3.636803
  Trial 13/20: valid start R=3.6052, running PBH...
=== PBH | pop=8 | rounds=50 | start R=3.605196 ===
Population initialized: 8 members
  --- Round 20: global_best=3.605196 pop_best=3.605196 valid=4/8 ---
  --- Round 40: global_best=3.605196 pop_best=3.605196 valid=4/8 ---

=== PBH done | best R=3.605196 ===
    PBH result: R=3.605196
  Trial 14/20: seed failed
  Trial 15/20: seed failed
  Trial 16/20: seed failed
  Trial 17/20: valid start R=3.5822, running PBH...
=== PBH | pop=8 | rounds=50 | start R=3.582238 ===
Population initialized: 8 members
  --- Round 20: global_best=3.582238 pop_best=3.582238 valid=4/8 ---
  --- Round 40: global_best=3.582238 pop_best=3.582238 valid=4/8 ---

=== PBH done | best R=3.582238 ===
    PBH result: R=3.582238
  Trial 18/20: seed failed
  Trial 19/20: seed failed
  Trial 20/20: valid start R=3.6916, running PBH...
=== PBH | pop=8 | rounds=50 | start R=3.691645 ===
Population initialized: 8 members
  --- Round 20: global_best=3.691645 pop_best=3.691645 valid=4/8 ---
  --- Round 40: global_best=3.691645 pop_best=3.691645 valid=4/8 ---
  [  50.3] ★ standard   → R=3.621039

=== PBH done | best R=3.621039 ===
    PBH result: R=3.621039

======================================================================
  SUMMARY
======================================================================
  Topology             | Valid starts |   Best R | Rounds
  ---------------------+--------------+----------+-------
  seed_conjugate_7     |     6/20     |   3.5822 |     50

  Best found: R=3.582238 (current best: 2.974)
