
============================================================
  Topology: seed_brickwall_tight
============================================================
  Trial  1/10: valid start R=5.7847, running PBH...
=== PBH | pop=8 | rounds=100 | start R=5.784687 ===
Population initialized: 8 members
  [   1.0] ★ rattler    → R=5.671798
  [   1.1] ★ flat_face  → R=5.359064
  [   1.2] ★ rattler    → R=5.358274
  [   1.4] ★ rattler    → R=5.342468
  [   1.5] ★ rattler    → R=5.335449
  [   1.6] ★ rattler    → R=5.048544
  [   1.7] ★ rattler    → R=4.868094
  [   2.4] ★ rattler    → R=4.841099
  [   2.5] ★ rattler    → R=4.716013
  [   2.6] ★ flat_face  → R=4.606631
  [   2.7] ★ rattler    → R=4.510729
  [   3.3] ★ rattler    → R=4.445635
  [   4.3] ★ rattler    → R=4.436782
  [   5.3] ★ rattler    → R=4.436242
  [   9.7] ★ rattler    → R=4.431563
  [  11.5] ★ rattler    → R=4.357827
  [  12.3] ★ rattler    → R=4.356291
  [  13.5] ★ standard   → R=4.246783
  [  14.4] ★ standard   → R=4.244545
  --- Round 20: global_best=4.244545 pop_best=4.244545 valid=6/8 ---
  --- Round 40: global_best=4.244545 pop_best=4.244545 valid=6/8 ---
  --- Round 60: global_best=4.244545 pop_best=4.244545 valid=6/8 ---
  --- Round 80: global_best=4.244545 pop_best=4.244545 valid=6/8 ---
  --- Round 100: global_best=4.244545 pop_best=4.244545 valid=6/8 ---

=== PBH done | best R=4.244545 ===
    PBH result: R=4.244545
  Trial  2/10: valid start R=5.7686, running PBH...
=== PBH | pop=8 | rounds=100 | start R=5.768648 ===
Population initialized: 8 members
  [   1.2] ★ rattler    → R=5.512945
  [   1.4] ★ flat_face  → R=5.236783
  [   1.5] ★ rattler    → R=5.007356
  [   1.6] ★ flat_face  → R=4.964327
  [   1.7] ★ rattler    → R=4.769668
  [   2.6] ★ standard   → R=4.678744
  [   2.7] ★ rattler    → R=4.631299
  [   3.5] ★ rattler    → R=4.575566
  [   3.6] ★ rattler    → R=4.571176
  [   3.7] ★ flat_face  → R=4.491236
  [   4.3] ★ standard   → R=4.393578
  [   4.7] ★ flat_face  → R=4.386697
  [   9.3] ★ standard   → R=4.382674
  [   9.7] ★ flat_face  → R=4.342460
  [  10.3] ★ standard   → R=4.245734
  [  11.3] ★ standard   → R=4.238652
  [  12.3] ★ standard   → R=4.212215
  [  13.3] ★ standard   → R=4.198196
  [  17.2] ★ standard   → R=4.196623
  [  17.7] ★ standard   → R=4.183036
  [  18.3] ★ rattler    → R=4.171957
  [  18.7] ★ standard   → R=4.141211
  [  19.3] ★ rattler    → R=4.111628
  [  20.3] ★ flat_face  → R=4.094024
  --- Round 20: global_best=4.094024 pop_best=4.094024 valid=6/8 ---
  [  38.2] ★ standard   → R=4.091854
  --- Round 40: global_best=4.091854 pop_best=4.091854 valid=8/8 ---
  [  45.2] ★ standard   → R=4.085463
  [  45.3] ★ rattler    → R=3.949602
  [  46.3] ★ rattler    → R=3.770115
  [  47.3] ★ rattler    → R=3.740293
  [  52.3] ★ standard   → R=3.707680
  [  57.3] ★ standard   → R=3.700684
  [  60.3] ★ standard   → R=3.684261
  --- Round 60: global_best=3.684261 pop_best=3.684261 valid=8/8 ---
  --- Round 80: global_best=3.684261 pop_best=3.684261 valid=8/8 ---
  --- Round 100: global_best=3.684261 pop_best=3.684261 valid=8/8 ---

=== PBH done | best R=3.684261 ===
    PBH result: R=3.684261
  Trial  3/10: valid start R=5.7563, running PBH...
=== PBH | pop=8 | rounds=100 | start R=5.756283 ===
Population initialized: 8 members
  [   1.1] ★ standard   → R=5.593379
  [   1.3] ★ standard   → R=5.274367
  [   1.4] ★ rattler    → R=5.019544
  [   2.1] ★ rattler    → R=4.964186
  [   2.3] ★ standard   → R=4.843823
  [   2.5] ★ rattler    → R=4.781033
  [   2.7] ★ standard   → R=4.736592
  [   3.3] ★ rattler    → R=4.586088
  [   3.5] ★ rattler    → R=4.574352
  [   3.6] ★ rattler    → R=4.550824
  [   3.7] ★ rattler    → R=4.508696
  [   4.3] ★ rattler    → R=4.459499
  [   4.7] ★ rattler    → R=4.457848
  [   5.7] ★ rattler    → R=4.454060
  [  11.4] ★ standard   → R=4.440098
  [  11.5] ★ rattler    → R=4.328561
  [  12.5] ★ rattler    → R=4.316359
  --- Round 20: global_best=4.316359 pop_best=4.316359 valid=6/8 ---
  --- Round 40: global_best=4.316359 pop_best=4.316359 valid=6/8 ---
  --- Round 60: global_best=4.316359 pop_best=4.316359 valid=6/8 ---
  --- Round 80: global_best=4.316359 pop_best=4.316359 valid=6/8 ---
  --- Round 100: global_best=4.316359 pop_best=4.316359 valid=6/8 ---

=== PBH done | best R=4.316359 ===
    PBH result: R=4.316359
  Trial  4/10: valid start R=5.7845, running PBH...
=== PBH | pop=8 | rounds=100 | start R=5.784464 ===
Population initialized: 8 members
  [   1.0] ★ rattler    → R=5.632710
  [   1.2] ★ standard   → R=5.383769
  [   1.3] ★ rattler    → R=5.376656
  [   1.5] ★ standard   → R=5.281911
  [   1.6] ★ flat_face  → R=4.907218
  [   1.7] ★ rattler    → R=4.863652
  [   2.1] ★ flat_face  → R=4.799215
  [   2.4] ★ standard   → R=4.613328
  [   2.6] ★ flat_face  → R=4.556891
  [   2.7] ★ flat_face  → R=4.556132
  [   3.6] ★ flat_face  → R=4.491421
  [   3.7] ★ rattler    → R=4.487455
  [   4.7] ★ rattler    → R=4.486008
  [   5.7] ★ rattler    → R=4.483091
  [   6.7] ★ flat_face  → R=4.418495
  [   7.1] ★ flat_face  → R=4.394499
  [   8.1] ★ standard   → R=4.365325
  [   8.4] ★ rattler    → R=4.250554
  [   9.4] ★ flat_face  → R=4.156735
  [  10.4] ★ rattler    → R=4.072727
  [  11.4] ★ flat_face  → R=4.020017
  [  12.4] ★ rattler    → R=3.927867
  [  13.4] ★ rattler    → R=3.901636
  --- Round 20: global_best=3.901636 pop_best=3.901636 valid=6/8 ---
  --- Round 40: global_best=3.901636 pop_best=3.901636 valid=6/8 ---
  [  59.2] ★ standard   → R=3.881209
  [  59.4] ★ rattler    → R=3.867680
  --- Round 60: global_best=3.867680 pop_best=3.867680 valid=6/8 ---
  [  66.4] ★ rattler    → R=3.855651
  [  67.4] ★ standard   → R=3.836816
  [  68.4] ★ rattler    → R=3.663712
  --- Round 80: global_best=3.663712 pop_best=3.663712 valid=6/8 ---
  --- Round 100: global_best=3.663712 pop_best=3.663712 valid=6/8 ---

=== PBH done | best R=3.663712 ===
    PBH result: R=3.663712
  Trial  5/10: valid start R=5.8041, running PBH...
=== PBH | pop=8 | rounds=100 | start R=5.804107 ===
Population initialized: 8 members
  [   1.0] ★ flat_face  → R=5.704340
  [   1.1] ★ flat_face  → R=5.529825
  [   1.3] ★ rattler    → R=5.276976
  [   1.5] ★ rattler    → R=5.124572
  [   1.6] ★ rattler    → R=5.014656
  [   2.1] ★ rattler    → R=4.911914
  [   2.3] ★ rattler    → R=4.688555
  [   2.4] ★ flat_face  → R=4.637634
  [   2.6] ★ rattler    → R=4.636545
  [   2.7] ★ rattler    → R=4.612541
  [   3.3] ★ flat_face  → R=4.541658
  [   3.4] ★ standard   → R=4.537533
  [   4.1] ★ rattler    → R=4.441152
  [   4.4] ★ standard   → R=4.314092
  [   5.1] ★ rattler    → R=4.138447
  [   6.1] ★ flat_face  → R=4.089297
  [   6.6] ★ flat_face  → R=4.087017
  [   7.2] ★ standard   → R=4.066251
  [  13.2] ★ standard   → R=4.042864
  [  14.2] ★ standard   → R=4.008569
  [  16.2] ★ standard   → R=4.001950
  [  17.2] ★ standard   → R=3.974462
  --- Round 20: global_best=3.974462 pop_best=3.974462 valid=8/8 ---
  [  23.2] ★ standard   → R=3.915649
  [  34.2] ★ standard   → R=3.907934
  --- Round 40: global_best=3.907934 pop_best=3.907934 valid=8/8 ---
  --- Round 60: global_best=3.907934 pop_best=3.907934 valid=8/8 ---
  --- Round 80: global_best=3.907934 pop_best=3.907934 valid=8/8 ---
  --- Round 100: global_best=3.907934 pop_best=3.907934 valid=8/8 ---

=== PBH done | best R=3.907934 ===
    PBH result: R=3.907934
  Trial  6/10: valid start R=5.7733, running PBH...
=== PBH | pop=8 | rounds=100 | start R=5.773322 ===
Population initialized: 8 members
  [   1.0] ★ rattler    → R=5.608424
  [   1.1] ★ flat_face  → R=5.377055
  [   1.2] ★ rattler    → R=5.196657
  [   1.4] ★ rattler    → R=4.968094
  [   1.7] ★ rattler    → R=4.904306
  [   2.1] ★ standard   → R=4.787107
  [   2.2] ★ rattler    → R=4.746367
  [   2.4] ★ rattler    → R=4.639724
  [   2.5] ★ rattler    → R=4.597216
  [   2.6] ★ rattler    → R=4.469524
  [   3.2] ★ rattler    → R=4.445961
  [   3.4] ★ flat_face  → R=4.346303
  [   3.5] ★ rattler    → R=4.342588
  [   4.4] ★ rattler    → R=4.327473
  [   5.2] ★ rattler    → R=4.269467
  [   6.2] ★ rattler    → R=4.240470
  [   8.7] ★ standard   → R=4.234135
  --- Round 20: global_best=4.234135 pop_best=4.234135 valid=5/8 ---
  [  24.3] ★ flat_face  → R=4.227490
  [  28.4] ★ rattler    → R=4.197569
  [  29.4] ★ rattler    → R=4.159812
  [  30.4] ★ standard   → R=4.087693
  [  34.4] ★ standard   → R=4.075385
  --- Round 40: global_best=4.075385 pop_best=4.075385 valid=5/8 ---
  --- Round 60: global_best=4.075385 pop_best=4.075385 valid=5/8 ---
  --- Round 80: global_best=4.075385 pop_best=4.075385 valid=5/8 ---
  --- Round 100: global_best=4.075385 pop_best=4.075385 valid=5/8 ---

=== PBH done | best R=4.075385 ===
    PBH result: R=4.075385
  Trial  7/10: valid start R=5.7828, running PBH...
=== PBH | pop=8 | rounds=100 | start R=5.782848 ===
Population initialized: 8 members
  [   1.0] ★ rattler    → R=5.613490
  [   1.2] ★ standard   → R=5.352104
  [   1.3] ★ rattler    → R=5.140654
  [   1.4] ★ rattler    → R=5.035948
  [   1.5] ★ rattler    → R=4.802892
  [   2.1] ★ flat_face  → R=4.520265
  [   2.5] ★ rattler    → R=4.378202
  [   2.6] ★ flat_face  → R=4.287396
  [  11.7] ★ standard   → R=4.216898
  [  15.6] ★ standard   → R=4.161910
  [  15.7] ★ flat_face  → R=4.154485
  --- Round 20: global_best=4.154485 pop_best=4.154485 valid=4/8 ---
  [  24.7] ★ standard   → R=4.129763
  [  28.7] ★ standard   → R=4.128517
  [  29.6] ★ flat_face  → R=4.126959
  [  29.7] ★ rattler    → R=4.093518
  [  31.6] ★ standard   → R=3.986301
  [  32.6] ★ flat_face  → R=3.906360
  [  35.6] ★ standard   → R=3.779243
  [  39.6] ★ rattler    → R=3.755047
  --- Round 40: global_best=3.755047 pop_best=3.755047 valid=5/8 ---
  [  41.6] ★ flat_face  → R=3.740426
  [  43.6] ★ standard   → R=3.689376
  [  46.6] ★ standard   → R=3.679387
  --- Round 60: global_best=3.679387 pop_best=3.679387 valid=5/8 ---
  [  76.7] ★ flat_face  → R=3.678402
  --- Round 80: global_best=3.678402 pop_best=3.678402 valid=5/8 ---
  --- Round 100: global_best=3.678402 pop_best=3.678402 valid=7/8 ---

=== PBH done | best R=3.678402 ===
    PBH result: R=3.678402
  Trial  8/10: valid start R=5.7953, running PBH...
=== PBH | pop=8 | rounds=100 | start R=5.795333 ===
Population initialized: 8 members
  [   1.0] ★ rattler    → R=5.683473
  [   1.1] ★ flat_face  → R=5.528955
  [   1.2] ★ flat_face  → R=5.502692
  [   1.3] ★ rattler    → R=5.427880
  [   1.4] ★ rattler    → R=5.279011
  [   1.5] ★ rattler    → R=5.246803
  [   1.6] ★ rattler    → R=5.148778
  [   2.4] ★ standard   → R=5.019467
  [   2.5] ★ flat_face  → R=4.814251
  [   3.2] ★ flat_face  → R=4.722723
  [   3.3] ★ rattler    → R=4.553286
  [   4.2] ★ standard   → R=4.516680
  [   4.3] ★ rattler    → R=4.453490
  [   5.3] ★ flat_face  → R=4.345440
  [   6.2] ★ standard   → R=4.333066
  [  11.2] ★ standard   → R=4.310842
  [  12.6] ★ standard   → R=4.200400
  [  13.3] ★ flat_face  → R=4.190771
  [  17.2] ★ rattler    → R=4.164928
  [  17.3] ★ rattler    → R=4.128107
  [  18.2] ★ rattler    → R=4.116157
  [  19.2] ★ rattler    → R=4.089094
  [  19.3] ★ rattler    → R=4.048329
  [  20.2] ★ flat_face  → R=3.979018
  --- Round 20: global_best=3.979018 pop_best=3.979018 valid=6/8 ---
  [  21.3] ★ rattler    → R=3.930383
  [  28.3] ★ rattler    → R=3.896325
  --- Round 40: global_best=3.896325 pop_best=3.896325 valid=8/8 ---
  --- Round 60: global_best=3.896325 pop_best=3.896325 valid=8/8 ---
  --- Round 80: global_best=3.896325 pop_best=3.896325 valid=8/8 ---
  --- Round 100: global_best=3.896325 pop_best=3.896325 valid=8/8 ---

=== PBH done | best R=3.896325 ===
    PBH result: R=3.896325
  Trial  9/10: valid start R=5.7703, running PBH...
=== PBH | pop=8 | rounds=100 | start R=5.770321 ===
Population initialized: 8 members
  [   1.1] ★ rattler    → R=5.733238
  [   1.2] ★ rattler    → R=5.573990
  [   1.3] ★ rattler    → R=5.128234
  [   1.4] ★ rattler    → R=5.041689
  [   1.6] ★ rattler    → R=4.987250
  [   1.7] ★ flat_face  → R=4.767953
  [   2.1] ★ rattler    → R=4.708978
  [   2.2] ★ rattler    → R=4.666907
  [   2.7] ★ flat_face  → R=4.520783
  [   3.4] ★ standard   → R=4.441517
  [   3.5] ★ rattler    → R=4.438693
  [   4.4] ★ rattler    → R=4.252066
  [   5.4] ★ rattler    → R=4.209630
  [   6.4] ★ rattler    → R=4.044057
  [   7.4] ★ rattler    → R=4.017591
  [  10.4] ★ standard   → R=3.910126
  [  11.4] ★ rattler    → R=3.859361
  [  17.7] ★ rattler    → R=3.821499
  [  18.4] ★ standard   → R=3.765708
  --- Round 20: global_best=3.765708 pop_best=3.765708 valid=6/8 ---
  [  26.4] ★ standard   → R=3.752993
  --- Round 40: global_best=3.752993 pop_best=3.752993 valid=7/8 ---
  [  41.4] ★ standard   → R=3.732723
  [  43.4] ★ standard   → R=3.668139
  [  46.4] ★ standard   → R=3.658805
  --- Round 60: global_best=3.658805 pop_best=3.658805 valid=7/8 ---
  --- Round 80: global_best=3.658805 pop_best=3.658805 valid=7/8 ---
  [  87.4] ★ standard   → R=3.644990
  [  89.4] ★ standard   → R=3.626124
  [  96.4] ★ standard   → R=3.608869
  --- Round 100: global_best=3.608869 pop_best=3.608869 valid=7/8 ---

=== PBH done | best R=3.608869 ===
    PBH result: R=3.608869
  Trial 10/10: valid start R=5.7713, running PBH...
=== PBH | pop=8 | rounds=100 | start R=5.771279 ===
Population initialized: 8 members
  [   1.0] ★ rattler    → R=5.591777
  [   1.1] ★ flat_face  → R=5.379801
  [   1.2] ★ rattler    → R=5.280590
  [   1.3] ★ rattler    → R=5.109451
  [   1.4] ★ rattler    → R=5.063586
  [   1.5] ★ rattler    → R=4.973946
  [   1.6] ★ rattler    → R=4.937009
  [   1.7] ★ rattler    → R=4.769757
  [   2.1] ★ standard   → R=4.755166
  [   2.3] ★ rattler    → R=4.646921
  [   2.7] ★ flat_face  → R=4.591649
  [   3.2] ★ rattler    → R=4.525305
  [   3.4] ★ rattler    → R=4.481422
  [   3.5] ★ rattler    → R=4.464347
  [   4.4] ★ rattler    → R=4.444255
  --- Round 20: global_best=4.444255 pop_best=4.444255 valid=8/8 ---
  --- Round 40: global_best=4.444255 pop_best=4.444255 valid=8/8 ---
  [  41.4] ★ standard   → R=4.435872
  [  41.7] ★ standard   → R=4.352957
  [  43.4] ★ standard   → R=4.325714
  [  50.4] ★ standard   → R=4.292693
  [  54.2] ★ standard   → R=4.266188
  [  55.2] ★ standard   → R=4.227546
  [  57.2] ★ standard   → R=4.145732
  [  60.2] ★ standard   → R=3.989746
  --- Round 60: global_best=3.989746 pop_best=3.989746 valid=8/8 ---
  [  61.2] ★ standard   → R=3.974563
  [  64.2] ★ standard   → R=3.971211
  [  69.2] ★ standard   → R=3.872035
  [  70.2] ★ standard   → R=3.742941
  [  77.2] ★ rattler    → R=3.735789
  [  79.2] ★ rattler    → R=3.729333
  --- Round 80: global_best=3.729333 pop_best=3.729333 valid=8/8 ---
  [  82.2] ★ standard   → R=3.659166
  [  97.2] ★ standard   → R=3.620538
  --- Round 100: global_best=3.620538 pop_best=3.620538 valid=8/8 ---

=== PBH done | best R=3.620538 ===
    PBH result: R=3.620538

======================================================================
  SUMMARY
======================================================================
  Topology             | Valid starts |   Best R | Rounds
  ---------------------+--------------+----------+-------
  seed_brickwall_tight |    10/10     |   3.6089 |    100

  Best found: R=3.608869 (current best: 2.974)
