
============================================================
  Topology: seed_conjugate
============================================================
  Trial  1/20: valid start R=3.7307, running PBH...
=== PBH | pop=8 | rounds=500 | start R=3.730696 ===
Population initialized: 8 members
  [  14.7] ★ standard   → R=3.708042
  --- Round 20: global_best=3.708042 pop_best=3.708042 valid=4/8 ---
  --- Round 40: global_best=3.708042 pop_best=3.708042 valid=4/8 ---
  [  60.1] ★ standard   → R=3.682695
  --- Round 60: global_best=3.682695 pop_best=3.682695 valid=5/8 ---
  [  61.1] ★ flat_face  → R=3.676250
  [  62.1] ★ flat_face  → R=3.668176
  [  64.1] ★ flat_face  → R=3.662910
  --- Round 80: global_best=3.662910 pop_best=3.662910 valid=5/8 ---
  --- Round 100: global_best=3.662910 pop_best=3.662910 valid=5/8 ---
  --- Round 120: global_best=3.662910 pop_best=3.662910 valid=5/8 ---
  --- Round 140: global_best=3.662910 pop_best=3.662910 valid=5/8 ---
  --- Round 160: global_best=3.662910 pop_best=3.662910 valid=5/8 ---
  [ 167.1] ★ standard   → R=3.644176
  --- Round 180: global_best=3.644176 pop_best=3.644176 valid=5/8 ---
  --- Round 200: global_best=3.644176 pop_best=3.644176 valid=5/8 ---
  --- Round 220: global_best=3.644176 pop_best=3.644176 valid=5/8 ---
  --- Round 240: global_best=3.644176 pop_best=3.644176 valid=5/8 ---
  --- Round 260: global_best=3.644176 pop_best=3.644176 valid=5/8 ---
  [ 264.3] ★ flat_face  → R=3.637058
  --- Round 280: global_best=3.637058 pop_best=3.637058 valid=5/8 ---
  [ 293.1] ★ standard   → R=3.608781
  --- Round 300: global_best=3.608781 pop_best=3.608781 valid=5/8 ---
  --- Round 320: global_best=3.608781 pop_best=3.608781 valid=5/8 ---
  --- Round 340: global_best=3.608781 pop_best=3.608781 valid=5/8 ---
  --- Round 360: global_best=3.608781 pop_best=3.608781 valid=5/8 ---
  --- Round 380: global_best=3.608781 pop_best=3.608781 valid=5/8 ---
  --- Round 400: global_best=3.608781 pop_best=3.608781 valid=5/8 ---
  --- Round 420: global_best=3.608781 pop_best=3.608781 valid=5/8 ---
  --- Round 440: global_best=3.608781 pop_best=3.608781 valid=5/8 ---
  --- Round 460: global_best=3.608781 pop_best=3.608781 valid=5/8 ---
  --- Round 480: global_best=3.608781 pop_best=3.608781 valid=5/8 ---
  --- Round 500: global_best=3.608781 pop_best=3.608781 valid=5/8 ---

=== PBH done | best R=3.608781 ===
    PBH result: R=3.608781
  Trial  2/20: valid start R=3.9378, running PBH...
=== PBH | pop=8 | rounds=500 | start R=3.937783 ===
Population initialized: 8 members
  [   3.4] ★ standard   → R=3.924116
  [   5.4] ★ standard   → R=3.907764
  [  17.1] ★ standard   → R=3.889175
  [  20.4] ★ standard   → R=3.780815
  --- Round 20: global_best=3.780815 pop_best=3.780815 valid=3/8 ---
  [  35.5] ★ standard   → R=3.771358
  [  37.1] ★ standard   → R=3.756532
  --- Round 40: global_best=3.756532 pop_best=3.756532 valid=3/8 ---
  --- Round 60: global_best=3.756532 pop_best=3.756532 valid=3/8 ---
  [  61.3] ★ standard   → R=3.729268
  [  66.1] ★ standard   → R=3.717138
  --- Round 80: global_best=3.717138 pop_best=3.717138 valid=4/8 ---
  [  89.5] ★ standard   → R=3.701824
  [  98.5] ★ standard   → R=3.696438
  [  99.1] ★ standard   → R=3.668921
  [ 100.5] ★ flat_face  → R=3.665589
  --- Round 100: global_best=3.665589 pop_best=3.665589 valid=4/8 ---
  --- Round 120: global_best=3.665589 pop_best=3.665589 valid=4/8 ---
  [ 127.1] ★ standard   → R=3.629894
  [ 129.5] ★ standard   → R=3.627425
  [ 140.5] ★ standard   → R=3.625720
  --- Round 140: global_best=3.625720 pop_best=3.625720 valid=5/8 ---
  [ 156.5] ★ standard   → R=3.511776
  --- Round 160: global_best=3.511776 pop_best=3.511776 valid=6/8 ---
  --- Round 180: global_best=3.511776 pop_best=3.511776 valid=6/8 ---
  --- Round 200: global_best=3.511776 pop_best=3.511776 valid=6/8 ---
  --- Round 220: global_best=3.511776 pop_best=3.511776 valid=6/8 ---
  --- Round 240: global_best=3.511776 pop_best=3.511776 valid=6/8 ---
  --- Round 260: global_best=3.511776 pop_best=3.511776 valid=6/8 ---
  --- Round 280: global_best=3.511776 pop_best=3.511776 valid=6/8 ---
  [ 282.4] ★ standard   → R=3.487761
  --- Round 300: global_best=3.487761 pop_best=3.487761 valid=6/8 ---
  --- Round 320: global_best=3.487761 pop_best=3.487761 valid=6/8 ---
  --- Round 340: global_best=3.487761 pop_best=3.487761 valid=6/8 ---
  --- Round 360: global_best=3.487761 pop_best=3.487761 valid=6/8 ---
  --- Round 380: global_best=3.487761 pop_best=3.487761 valid=6/8 ---
  --- Round 400: global_best=3.487761 pop_best=3.487761 valid=6/8 ---
  --- Round 420: global_best=3.487761 pop_best=3.487761 valid=6/8 ---
  [ 431.1] ★ standard   → R=3.461085
  --- Round 440: global_best=3.461085 pop_best=3.461085 valid=6/8 ---
  --- Round 460: global_best=3.461085 pop_best=3.461085 valid=6/8 ---
  --- Round 480: global_best=3.461085 pop_best=3.461085 valid=6/8 ---
  --- Round 500: global_best=3.461085 pop_best=3.461085 valid=6/8 ---

=== PBH done | best R=3.461085 ===
    PBH result: R=3.461085
  Trial  3/20: valid start R=3.6747, running PBH...
=== PBH | pop=8 | rounds=500 | start R=3.674724 ===
Population initialized: 8 members
  --- Round 20: global_best=3.674724 pop_best=3.674724 valid=4/8 ---
  --- Round 40: global_best=3.674724 pop_best=3.674724 valid=4/8 ---
  [  49.0] ★ standard   → R=3.640729
  --- Round 60: global_best=3.640729 pop_best=3.640729 valid=4/8 ---
  --- Round 80: global_best=3.640729 pop_best=3.640729 valid=5/8 ---
  [ 100.4] ★ standard   → R=3.634286
  --- Round 100: global_best=3.634286 pop_best=3.634286 valid=5/8 ---
  [ 107.4] ★ standard   → R=3.603492
  --- Round 120: global_best=3.603492 pop_best=3.603492 valid=5/8 ---
  --- Round 140: global_best=3.603492 pop_best=3.603492 valid=5/8 ---
  --- Round 160: global_best=3.603492 pop_best=3.603492 valid=5/8 ---
  --- Round 180: global_best=3.603492 pop_best=3.603492 valid=5/8 ---
  --- Round 200: global_best=3.603492 pop_best=3.603492 valid=5/8 ---
  [ 208.5] ★ standard   → R=3.589791
  --- Round 220: global_best=3.589791 pop_best=3.589791 valid=5/8 ---
  [ 229.4] ★ standard   → R=3.532385
  [ 240.4] ★ standard   → R=3.509993
  --- Round 240: global_best=3.509993 pop_best=3.509993 valid=5/8 ---
  [ 255.4] ★ standard   → R=3.490040
  --- Round 260: global_best=3.490040 pop_best=3.490040 valid=5/8 ---
  --- Round 280: global_best=3.490040 pop_best=3.490040 valid=5/8 ---
  [ 297.4] ★ standard   → R=3.485305
  --- Round 300: global_best=3.485305 pop_best=3.485305 valid=5/8 ---
  [ 305.4] ★ standard   → R=3.470908
  [ 307.4] ★ standard   → R=3.398575
  --- Round 320: global_best=3.398575 pop_best=3.398575 valid=5/8 ---
  --- Round 340: global_best=3.398575 pop_best=3.398575 valid=5/8 ---
