
============================================================
  Topology: seed_brickwall_random
============================================================
  Trial  1/10: seed failed
  Trial  2/10: seed failed
  Trial  3/10: valid start R=5.8491, running PBH...
=== PBH | pop=8 | rounds=100 | start R=5.849131 ===
Population initialized: 8 members
  [   1.0] ★ rattler    → R=5.794748
  [   1.3] ★ standard   → R=5.504057
  [   1.5] ★ rattler    → R=5.493071
  [   1.6] ★ rattler    → R=5.482331
  [   1.7] ★ flat_face  → R=5.448920
  [   2.1] ★ rattler    → R=5.330892
  [   2.7] ★ rattler    → R=5.289274
  [   3.4] ★ rattler    → R=5.239227
  [   3.7] ★ standard   → R=5.144539
  [   4.2] ★ rattler    → R=5.129101
  [   4.4] ★ rattler    → R=5.088651
  [   4.7] ★ rattler    → R=4.996111
  [   5.4] ★ rattler    → R=4.957385
  [   5.5] ★ rattler    → R=4.945296
  [   6.7] ★ flat_face  → R=4.832790
  [   7.4] ★ rattler    → R=4.817021
  [   7.5] ★ rattler    → R=4.783908
  [   7.7] ★ flat_face  → R=4.621832
  [   8.4] ★ rattler    → R=4.604913
  [   8.5] ★ rattler    → R=4.592478
  [  11.7] ★ flat_face  → R=4.548769
  [  12.7] ★ flat_face  → R=4.496256
  [  13.5] ★ standard   → R=4.481413
  [  13.7] ★ flat_face  → R=4.452480
  [  14.7] ★ flat_face  → R=4.440175
  [  15.7] ★ flat_face  → R=4.431153
  [  16.7] ★ flat_face  → R=4.429445
  [  17.7] ★ flat_face  → R=4.429219
  [  19.6] ★ standard   → R=4.426926
  --- Round 20: global_best=4.426926 pop_best=4.426926 valid=5/8 ---
  [  25.6] ★ standard   → R=4.364046
  [  25.7] ★ flat_face  → R=4.353488
  [  27.7] ★ flat_face  → R=4.338326
  [  32.2] ★ flat_face  → R=4.329840
  --- Round 40: global_best=4.329840 pop_best=4.329840 valid=6/8 ---
  --- Round 60: global_best=4.329840 pop_best=4.329840 valid=6/8 ---
  --- Round 80: global_best=4.329840 pop_best=4.329840 valid=6/8 ---
  [  88.7] ★ standard   → R=4.302849
  [  89.3] ★ rattler    → R=4.282507
  --- Round 100: global_best=4.282507 pop_best=4.282507 valid=6/8 ---

=== PBH done | best R=4.282507 ===
    PBH result: R=4.282507
  Trial  4/10: valid start R=5.7474, running PBH...
=== PBH | pop=8 | rounds=100 | start R=5.747409 ===
Population initialized: 8 members
  [   1.1] ★ rattler    → R=5.405790
  [   1.2] ★ rattler    → R=5.346244
  [   1.3] ★ rattler    → R=5.052314
  [   1.5] ★ standard   → R=5.028637
  [   1.6] ★ flat_face  → R=4.947609
  [   2.3] ★ rattler    → R=4.834489
  [   2.4] ★ rattler    → R=4.827233
  [   2.5] ★ rattler    → R=4.661825
  [   2.6] ★ rattler    → R=4.558902
  [   3.1] ★ rattler    → R=4.523723
  [   3.5] ★ rattler    → R=4.411404
  [   3.6] ★ flat_face  → R=4.323420
  [   4.5] ★ rattler    → R=4.302053
  [   7.6] ★ standard   → R=4.259587
  [   8.6] ★ rattler    → R=4.156474
  [   9.4] ★ rattler    → R=4.141662
  [  10.4] ★ standard   → R=4.137373
  [  11.4] ★ rattler    → R=4.131864
  [  16.3] ★ standard   → R=4.079978
  [  18.6] ★ rattler    → R=4.059568
  [  19.5] ★ standard   → R=4.050220
  [  20.2] ★ rattler    → R=4.050110
  --- Round 20: global_best=4.050110 pop_best=4.050110 valid=6/8 ---
  [  29.3] ★ standard   → R=3.975419
  [  32.6] ★ standard   → R=3.861639
  [  33.6] ★ standard   → R=3.852883
  --- Round 40: global_best=3.852883 pop_best=3.852883 valid=6/8 ---
  [  41.6] ★ standard   → R=3.754061
  [  46.6] ★ standard   → R=3.671006
  [  51.6] ★ rattler    → R=3.654893
  [  53.6] ★ standard   → R=3.596036
  --- Round 60: global_best=3.596036 pop_best=3.596036 valid=6/8 ---
  [  61.6] ★ standard   → R=3.540079
  --- Round 80: global_best=3.540079 pop_best=3.540079 valid=6/8 ---
  [  82.6] ★ standard   → R=3.515740
  --- Round 100: global_best=3.515740 pop_best=3.515740 valid=6/8 ---

=== PBH done | best R=3.515740 ===
    PBH result: R=3.515740
  Trial  5/10: seed failed
  Trial  6/10: valid start R=5.8379, running PBH...
=== PBH | pop=8 | rounds=100 | start R=5.837937 ===
Population initialized: 8 members
  [   1.0] ★ flat_face  → R=5.662024
  [   1.2] ★ flat_face  → R=5.483731
  [   1.4] ★ flat_face  → R=5.450520
  [   1.5] ★ rattler    → R=5.310322
  [   1.6] ★ flat_face  → R=5.171000
  [   2.2] ★ flat_face  → R=5.159554
  [   2.5] ★ rattler    → R=5.079778
  [   2.6] ★ flat_face  → R=4.939739
  [   3.3] ★ rattler    → R=4.907564
  [   3.4] ★ flat_face  → R=4.889656
  [   3.6] ★ standard   → R=4.862677
  [   4.2] ★ standard   → R=4.836557
  [   4.6] ★ flat_face  → R=4.658213
  [   5.2] ★ flat_face  → R=4.622880
  [   5.4] ★ flat_face  → R=4.561481
  [   5.6] ★ flat_face  → R=4.498047
  [   5.7] ★ flat_face  → R=4.397117
  [   6.4] ★ flat_face  → R=4.350913
  [   6.7] ★ flat_face  → R=4.304459
  [   7.4] ★ flat_face  → R=4.268192
  [   8.4] ★ flat_face  → R=4.266499
  --- Round 20: global_best=4.266499 pop_best=4.266499 valid=5/8 ---
  --- Round 40: global_best=4.266499 pop_best=4.266499 valid=5/8 ---
  --- Round 60: global_best=4.266499 pop_best=4.266499 valid=5/8 ---
  --- Round 80: global_best=4.266499 pop_best=4.266499 valid=5/8 ---
  --- Round 100: global_best=4.266499 pop_best=4.266499 valid=5/8 ---

=== PBH done | best R=4.266499 ===
    PBH result: R=4.266499
  Trial  7/10: seed failed
  Trial  8/10: seed failed
  Trial  9/10: seed failed
  Trial 10/10: seed failed

======================================================================
  SUMMARY
======================================================================
  Topology             | Valid starts |   Best R | Rounds
  ---------------------+--------------+----------+-------
  seed_brickwall_random |     3/10     |   3.5157 |    100

  Best found: R=3.515740 (current best: 2.974)
