15:43:45 [w5] start | orient=flip_outer | 8 runs
15:43:45 [w3] start | orient=random | 8 runs
15:43:45 [w0] start | orient=standard | 9 runs
15:43:45 [w4] start | orient=flip_outer | 8 runs
15:43:45 [w1] start | orient=standard | 9 runs
15:43:45 [w2] start | orient=random | 8 runs
15:44:12 [w0] run 0 P1 no feasible
15:44:12 [w5] run 0 P1 no feasible
15:44:13 [w3] run 0 P1 no feasible
15:44:13 [w2] run 0 P1=3.303702 → P2
15:44:13 [w4] run 0 P1=3.148846 → P2
15:44:15 [w1] run 0 P1=3.156332 → P2
15:44:40 [w0] run 1 P1=3.6194 too loose, skip
15:44:40 [w5] run 1 P1=3.206567 → P2
15:44:40 [w3] run 1 P1=3.223027 → P2
15:45:07 [w0] run 2 P1 no feasible
15:45:36 [w0] run 3 P1=3.7387 too loose, skip
15:46:04 [w0] run 4 P1=3.7074 too loose, skip
15:46:31 [w0] run 5 P1=3.398631 → P2
15:48:55 [w2] run 0 P2=3.053854
15:48:55 [w1] run 0 P2=3.080610
15:48:55 [w4] run 0 P2=3.044642
15:49:19 [w5] run 1 P2=3.029040
15:49:19 [w3] run 1 P2=3.085556
15:49:22 [w2] run 1 P1=3.490777 → P2
15:49:22 [w4] run 1 P1 no feasible
15:49:23 [w1] run 1 P1 no feasible
15:49:47 [w3] run 2 P1 no feasible
15:49:47 [w5] run 2 P1=3.162573 → P2
15:49:50 [w4] run 2 P1=3.161836 → P2
15:49:51 [w1] run 2 P1=3.7985 too loose, skip
15:50:14 [w3] run 3 P1 no feasible
15:50:20 [w1] run 3 P1=3.189910 → P2
15:50:42 [w3] run 4 P1=3.7176 too loose, skip
15:51:09 [w3] run 5 P1=3.105667 → P2
15:51:10 [w0] run 5 P2=3.046593
15:51:40 [w0] run 6 P1=3.261548 → P2
15:53:52 [w2] run 1 P2=3.057515
15:54:19 [w2] run 2 P1 no feasible
15:54:22 [w5] run 2 P2=3.077210
15:54:34 [w4] run 2 P2=3.069712
15:54:46 [w2] run 3 P1 no feasible
15:54:50 [w5] run 3 P1=3.373685 → P2
15:54:55 [w1] run 3 P2=3.074447
15:55:01 [w4] run 3 P1 no feasible
15:55:14 [w2] run 4 P1 no feasible
15:55:24 [w1] run 4 P1=3.232994 → P2
15:55:28 [w4] run 4 P1 no feasible
15:55:41 [w3] run 5 P2=3.067499
15:55:41 [w2] run 5 P1 no feasible
15:55:56 [w4] run 5 P1=3.271035 → P2
15:56:09 [w3] run 6 P1 no feasible
15:56:10 [w2] run 6 P1=3.230719 → P2
15:56:13 [w0] run 6 P2=3.060181
15:56:35 [w3] run 7 P1 no feasible
15:56:35 [w3] done
15:56:40 [w0] run 7 P1=3.190198 → P2
15:59:21 [w5] run 3 P2=3.083369
15:59:48 [w5] run 4 P1 no feasible
15:59:55 [w1] run 4 P2=3.058306
16:00:14 [w5] run 5 P1 no feasible
16:00:21 [w1] run 5 P1 no feasible
16:00:29 [w4] run 5 P2=3.096753
16:00:41 [w5] run 6 P1 no feasible
16:00:45 [w2] run 6 P2=3.055683
16:00:49 [w1] run 6 P1=3.125618 → P2
16:00:57 [w4] run 6 P1 no feasible
16:01:08 [w5] run 7 P1=3.5975 too loose, skip
16:01:08 [w5] done
16:01:10 [w0] run 7 P2=3.077066
16:01:11 [w2] run 7 P1 no feasible
16:01:11 [w2] done
16:01:24 [w4] run 7 P1 no feasible
16:01:24 [w4] done
16:01:36 [w0] run 8 P1=3.344253 → P2
16:05:02 [w1] run 6 P2=3.085143
16:05:27 [w1] run 7 P1 no feasible
16:05:42 [w0] run 8 P2=3.096049
16:05:42 [w0] done
16:05:51 [w1] run 8 P1 no feasible
16:05:51 [w1] done
